[2025-09-20T12:57:31.295+0000] {manager.py:470} INFO - Processing files using up to 2 processes at a time 
[2025-09-20T12:57:31.297+0000] {manager.py:471} INFO - Process each file at most once every 30 seconds
[2025-09-20T12:57:31.300+0000] {manager.py:472} INFO - Checking for new files in /opt/airflow/dags every 300 seconds
[2025-09-20T12:57:31.302+0000] {manager.py:737} INFO - Searching for files in /opt/airflow/dags
[2025-09-20T12:57:31.328+0000] {manager.py:740} INFO - There are 1 files in /opt/airflow/dags
[2025-09-20T12:57:31.430+0000] {manager.py:878} INFO - 
================================================================================
DAG File Processing Stats

File Path                            PID  Runtime      # DAGs    # Errors  Last Runtime    Last Run
---------------------------------  -----  ---------  --------  ----------  --------------  ----------
/opt/airflow/dags/kafka_stream.py    218  0.03s             0           0
================================================================================
[2025-09-20T12:58:00.532+0000] {manager.py:878} INFO - 
================================================================================
DAG File Processing Stats

File Path                          PID    Runtime      # DAGs    # Errors  Last Runtime    Last Run
---------------------------------  -----  ---------  --------  ----------  --------------  -------------------
/opt/airflow/dags/kafka_stream.py                           1           0  0.38s           2025-09-20T12:57:31
================================================================================
[2025-09-20T12:58:29.973+0000] {manager.py:878} INFO - 
================================================================================
DAG File Processing Stats

File Path                          PID    Runtime      # DAGs    # Errors  Last Runtime    Last Run
---------------------------------  -----  ---------  --------  ----------  --------------  -------------------
/opt/airflow/dags/kafka_stream.py                           1           0  -0.48s          2025-09-20T12:58:02
================================================================================
[2025-09-20T12:58:59.262+0000] {manager.py:878} INFO - 
================================================================================
DAG File Processing Stats

File Path                          PID    Runtime      # DAGs    # Errors  Last Runtime    Last Run
---------------------------------  -----  ---------  --------  ----------  --------------  -------------------
/opt/airflow/dags/kafka_stream.py                           0           1  0.31s           2025-09-20T12:58:44
================================================================================
[2025-09-20T12:59:28.520+0000] {manager.py:878} INFO - 
================================================================================
DAG File Processing Stats

File Path                          PID    Runtime      # DAGs    # Errors  Last Runtime    Last Run
---------------------------------  -----  ---------  --------  ----------  --------------  -------------------
/opt/airflow/dags/kafka_stream.py                           0           1  0.16s           2025-09-20T12:59:15
================================================================================
[2025-09-20T12:59:57.601+0000] {manager.py:878} INFO - 
================================================================================
DAG File Processing Stats

File Path                          PID    Runtime      # DAGs    # Errors  Last Runtime    Last Run
---------------------------------  -----  ---------  --------  ----------  --------------  -------------------
/opt/airflow/dags/kafka_stream.py                           0           1  0.28s           2025-09-20T12:59:45
================================================================================
[2025-09-20T13:00:26.060+0000] {manager.py:878} INFO - 
================================================================================
DAG File Processing Stats

File Path                          PID    Runtime      # DAGs    # Errors  Last Runtime    Last Run
---------------------------------  -----  ---------  --------  ----------  --------------  -------------------
/opt/airflow/dags/kafka_stream.py                           0           1  0.17s           2025-09-20T13:00:16
================================================================================
[2025-09-20T13:00:54.716+0000] {manager.py:878} INFO - 
================================================================================
DAG File Processing Stats

File Path                          PID    Runtime      # DAGs    # Errors  Last Runtime    Last Run
---------------------------------  -----  ---------  --------  ----------  --------------  -------------------
/opt/airflow/dags/kafka_stream.py                           0           1  0.30s           2025-09-20T13:00:47
================================================================================
[2025-09-20T13:01:24.020+0000] {manager.py:878} INFO - 
================================================================================
DAG File Processing Stats

File Path                          PID    Runtime      # DAGs    # Errors  Last Runtime    Last Run
---------------------------------  -----  ---------  --------  ----------  --------------  -------------------
/opt/airflow/dags/kafka_stream.py                           0           1  0.14s           2025-09-20T13:01:17
================================================================================
[2025-09-20T13:01:53.130+0000] {manager.py:878} INFO - 
================================================================================
DAG File Processing Stats

File Path                          PID    Runtime      # DAGs    # Errors  Last Runtime    Last Run
---------------------------------  -----  ---------  --------  ----------  --------------  -------------------
/opt/airflow/dags/kafka_stream.py                           0           1  0.19s           2025-09-20T13:01:48
================================================================================
[2025-09-20T13:02:22.272+0000] {manager.py:878} INFO - 
================================================================================
DAG File Processing Stats

File Path                          PID    Runtime      # DAGs    # Errors  Last Runtime    Last Run
---------------------------------  -----  ---------  --------  ----------  --------------  -------------------
/opt/airflow/dags/kafka_stream.py                           0           1  0.14s           2025-09-20T13:02:18
================================================================================
[2025-09-20T13:02:31.340+0000] {manager.py:737} INFO - Searching for files in /opt/airflow/dags
[2025-09-20T13:02:31.379+0000] {manager.py:740} INFO - There are 1 files in /opt/airflow/dags
[2025-09-20T13:02:51.366+0000] {manager.py:878} INFO - 
================================================================================
DAG File Processing Stats

File Path                          PID    Runtime      # DAGs    # Errors  Last Runtime    Last Run
---------------------------------  -----  ---------  --------  ----------  --------------  -------------------
/opt/airflow/dags/kafka_stream.py                           0           1  0.15s           2025-09-20T13:02:49
================================================================================
[2025-09-20T13:03:20.392+0000] {manager.py:878} INFO - 
================================================================================
DAG File Processing Stats

File Path                            PID  Runtime      # DAGs    # Errors  Last Runtime    Last Run
---------------------------------  -----  ---------  --------  ----------  --------------  -------------------
/opt/airflow/dags/kafka_stream.py    355  0.00s             0           1  0.15s           2025-09-20T13:02:49
================================================================================
[2025-09-20T13:03:49.550+0000] {manager.py:878} INFO - 
================================================================================
DAG File Processing Stats

File Path                          PID    Runtime      # DAGs    # Errors  Last Runtime    Last Run
---------------------------------  -----  ---------  --------  ----------  --------------  -------------------
/opt/airflow/dags/kafka_stream.py                           0           1  0.14s           2025-09-20T13:03:20
================================================================================
[2025-09-20T13:04:18.715+0000] {manager.py:878} INFO - 
================================================================================
DAG File Processing Stats

File Path                          PID    Runtime      # DAGs    # Errors  Last Runtime    Last Run
---------------------------------  -----  ---------  --------  ----------  --------------  -------------------
/opt/airflow/dags/kafka_stream.py                           0           1  0.13s           2025-09-20T13:03:50
================================================================================
[2025-09-20T13:04:48.073+0000] {manager.py:878} INFO - 
================================================================================
DAG File Processing Stats

File Path                          PID    Runtime      # DAGs    # Errors  Last Runtime    Last Run
---------------------------------  -----  ---------  --------  ----------  --------------  -------------------
/opt/airflow/dags/kafka_stream.py                           0           1  0.20s           2025-09-20T13:04:20
================================================================================
[2025-09-20T13:05:17.303+0000] {manager.py:878} INFO - 
================================================================================
DAG File Processing Stats

File Path                          PID    Runtime      # DAGs    # Errors  Last Runtime    Last Run
---------------------------------  -----  ---------  --------  ----------  --------------  -------------------
/opt/airflow/dags/kafka_stream.py                           0           1  0.38s           2025-09-20T13:04:51
================================================================================
[2025-09-20T13:05:46.941+0000] {manager.py:878} INFO - 
================================================================================
DAG File Processing Stats

File Path                          PID    Runtime      # DAGs    # Errors  Last Runtime    Last Run
---------------------------------  -----  ---------  --------  ----------  --------------  -------------------
/opt/airflow/dags/kafka_stream.py                           0           1  0.13s           2025-09-20T13:05:21
================================================================================
[2025-09-20T13:06:16.112+0000] {manager.py:878} INFO - 
================================================================================
DAG File Processing Stats

File Path                          PID    Runtime      # DAGs    # Errors  Last Runtime    Last Run
---------------------------------  -----  ---------  --------  ----------  --------------  -------------------
/opt/airflow/dags/kafka_stream.py                           0           1  0.23s           2025-09-20T13:05:52
================================================================================
[2025-09-20T13:06:45.545+0000] {manager.py:878} INFO - 
================================================================================
DAG File Processing Stats

File Path                          PID    Runtime      # DAGs    # Errors  Last Runtime    Last Run
---------------------------------  -----  ---------  --------  ----------  --------------  -------------------
/opt/airflow/dags/kafka_stream.py                           0           1  0.20s           2025-09-20T13:06:22
================================================================================
[2025-09-20T13:07:14.721+0000] {manager.py:878} INFO - 
================================================================================
DAG File Processing Stats

File Path                          PID    Runtime      # DAGs    # Errors  Last Runtime    Last Run
---------------------------------  -----  ---------  --------  ----------  --------------  -------------------
/opt/airflow/dags/kafka_stream.py                           0           1  0.12s           2025-09-20T13:06:52
================================================================================
[2025-09-20T13:07:32.145+0000] {manager.py:737} INFO - Searching for files in /opt/airflow/dags
[2025-09-20T13:07:32.162+0000] {manager.py:740} INFO - There are 1 files in /opt/airflow/dags
[2025-09-20T13:07:44.124+0000] {manager.py:878} INFO - 
================================================================================
DAG File Processing Stats

File Path                          PID    Runtime      # DAGs    # Errors  Last Runtime    Last Run
---------------------------------  -----  ---------  --------  ----------  --------------  -------------------
/opt/airflow/dags/kafka_stream.py                           0           1  0.20s           2025-09-20T13:07:23
================================================================================
[2025-09-20T13:08:13.416+0000] {manager.py:878} INFO - 
================================================================================
DAG File Processing Stats

File Path                          PID    Runtime      # DAGs    # Errors  Last Runtime    Last Run
---------------------------------  -----  ---------  --------  ----------  --------------  -------------------
/opt/airflow/dags/kafka_stream.py                           0           1  0.22s           2025-09-20T13:07:53
================================================================================
[2025-09-20T13:08:42.685+0000] {manager.py:878} INFO - 
================================================================================
DAG File Processing Stats

File Path                          PID    Runtime      # DAGs    # Errors  Last Runtime    Last Run
---------------------------------  -----  ---------  --------  ----------  --------------  -------------------
/opt/airflow/dags/kafka_stream.py                           0           1  0.15s           2025-09-20T13:08:23
================================================================================
[2025-09-20T13:09:12.176+0000] {manager.py:878} INFO - 
================================================================================
DAG File Processing Stats

File Path                          PID    Runtime      # DAGs    # Errors  Last Runtime    Last Run
---------------------------------  -----  ---------  --------  ----------  --------------  -------------------
/opt/airflow/dags/kafka_stream.py                           0           1  0.15s           2025-09-20T13:08:54
================================================================================
[2025-09-20T13:09:41.307+0000] {manager.py:878} INFO - 
================================================================================
DAG File Processing Stats

File Path                          PID    Runtime      # DAGs    # Errors  Last Runtime    Last Run
---------------------------------  -----  ---------  --------  ----------  --------------  -------------------
/opt/airflow/dags/kafka_stream.py                           0           1  0.12s           2025-09-20T13:09:24
================================================================================
[2025-09-20T13:10:10.338+0000] {manager.py:878} INFO - 
================================================================================
DAG File Processing Stats

File Path                          PID    Runtime      # DAGs    # Errors  Last Runtime    Last Run
---------------------------------  -----  ---------  --------  ----------  --------------  -------------------
/opt/airflow/dags/kafka_stream.py                           0           1  0.18s           2025-09-20T13:09:55
================================================================================
[2025-09-20T13:10:39.554+0000] {manager.py:878} INFO - 
================================================================================
DAG File Processing Stats

File Path                          PID    Runtime      # DAGs    # Errors  Last Runtime    Last Run
---------------------------------  -----  ---------  --------  ----------  --------------  -------------------
/opt/airflow/dags/kafka_stream.py                           0           1  0.14s           2025-09-20T13:10:25
================================================================================
[2025-09-20T13:11:08.667+0000] {manager.py:878} INFO - 
================================================================================
DAG File Processing Stats

File Path                          PID    Runtime      # DAGs    # Errors  Last Runtime    Last Run
---------------------------------  -----  ---------  --------  ----------  --------------  -------------------
/opt/airflow/dags/kafka_stream.py                           0           1  0.15s           2025-09-20T13:10:56
================================================================================
[2025-09-20T13:11:37.754+0000] {manager.py:878} INFO - 
================================================================================
DAG File Processing Stats

File Path                          PID    Runtime      # DAGs    # Errors  Last Runtime    Last Run
---------------------------------  -----  ---------  --------  ----------  --------------  -------------------
/opt/airflow/dags/kafka_stream.py                           0           1  0.14s           2025-09-20T13:11:27
================================================================================
[2025-09-20T13:12:07.505+0000] {manager.py:878} INFO - 
================================================================================
DAG File Processing Stats

File Path                          PID    Runtime      # DAGs    # Errors  Last Runtime    Last Run
---------------------------------  -----  ---------  --------  ----------  --------------  -------------------
/opt/airflow/dags/kafka_stream.py                           0           1  0.13s           2025-09-20T13:11:58
================================================================================
[2025-09-20T13:12:32.972+0000] {manager.py:737} INFO - Searching for files in /opt/airflow/dags
[2025-09-20T13:12:32.996+0000] {manager.py:740} INFO - There are 1 files in /opt/airflow/dags
[2025-09-20T13:12:36.030+0000] {manager.py:878} INFO - 
================================================================================
DAG File Processing Stats

File Path                          PID    Runtime      # DAGs    # Errors  Last Runtime    Last Run
---------------------------------  -----  ---------  --------  ----------  --------------  -------------------
/opt/airflow/dags/kafka_stream.py                           0           1  0.11s           2025-09-20T13:12:29
================================================================================
[2025-09-20T13:13:05.125+0000] {manager.py:878} INFO - 
================================================================================
DAG File Processing Stats

File Path                          PID    Runtime      # DAGs    # Errors  Last Runtime    Last Run
---------------------------------  -----  ---------  --------  ----------  --------------  -------------------
/opt/airflow/dags/kafka_stream.py                           0           1  0.13s           2025-09-20T13:13:00
================================================================================
[2025-09-20T13:13:34.210+0000] {manager.py:878} INFO - 
================================================================================
DAG File Processing Stats

File Path                          PID    Runtime      # DAGs    # Errors  Last Runtime    Last Run
---------------------------------  -----  ---------  --------  ----------  --------------  -------------------
/opt/airflow/dags/kafka_stream.py                           0           1  0.28s           2025-09-20T13:13:31
================================================================================
[2025-09-20T13:14:03.229+0000] {manager.py:878} INFO - 
================================================================================
DAG File Processing Stats

File Path                          PID    Runtime      # DAGs    # Errors  Last Runtime    Last Run
---------------------------------  -----  ---------  --------  ----------  --------------  -------------------
/opt/airflow/dags/kafka_stream.py                           0           1  0.13s           2025-09-20T13:14:02
================================================================================
[2025-09-20T13:14:32.246+0000] {manager.py:878} INFO - 
================================================================================
DAG File Processing Stats

File Path                          PID    Runtime      # DAGs    # Errors  Last Runtime    Last Run
---------------------------------  -----  ---------  --------  ----------  --------------  -------------------
/opt/airflow/dags/kafka_stream.py                           0           1  0.13s           2025-09-20T13:14:02
================================================================================
[2025-09-20T13:15:01.403+0000] {manager.py:878} INFO - 
================================================================================
DAG File Processing Stats

File Path                          PID    Runtime      # DAGs    # Errors  Last Runtime    Last Run
---------------------------------  -----  ---------  --------  ----------  --------------  -------------------
/opt/airflow/dags/kafka_stream.py                           0           1  0.13s           2025-09-20T13:14:33
================================================================================
[2025-09-20T13:15:30.486+0000] {manager.py:878} INFO - 
================================================================================
DAG File Processing Stats

File Path                          PID    Runtime      # DAGs    # Errors  Last Runtime    Last Run
---------------------------------  -----  ---------  --------  ----------  --------------  -------------------
/opt/airflow/dags/kafka_stream.py                           0           1  0.12s           2025-09-20T13:15:03
================================================================================
[2025-09-20T13:15:59.651+0000] {manager.py:878} INFO - 
================================================================================
DAG File Processing Stats

File Path                          PID    Runtime      # DAGs    # Errors  Last Runtime    Last Run
---------------------------------  -----  ---------  --------  ----------  --------------  -------------------
/opt/airflow/dags/kafka_stream.py                           0           1  0.13s           2025-09-20T13:15:34
================================================================================
[2025-09-20T13:16:28.786+0000] {manager.py:878} INFO - 
================================================================================
DAG File Processing Stats

File Path                          PID    Runtime      # DAGs    # Errors  Last Runtime    Last Run
---------------------------------  -----  ---------  --------  ----------  --------------  -------------------
/opt/airflow/dags/kafka_stream.py                           0           1  0.13s           2025-09-20T13:16:04
================================================================================
[2025-09-20T13:16:57.995+0000] {manager.py:878} INFO - 
================================================================================
DAG File Processing Stats

File Path                          PID    Runtime      # DAGs    # Errors  Last Runtime    Last Run
---------------------------------  -----  ---------  --------  ----------  --------------  -------------------
/opt/airflow/dags/kafka_stream.py                           0           1  0.13s           2025-09-20T13:16:35
================================================================================
[2025-09-20T13:17:27.045+0000] {manager.py:878} INFO - 
================================================================================
DAG File Processing Stats

File Path                          PID    Runtime      # DAGs    # Errors  Last Runtime    Last Run
---------------------------------  -----  ---------  --------  ----------  --------------  -------------------
/opt/airflow/dags/kafka_stream.py                           0           1  0.14s           2025-09-20T13:17:05
================================================================================
[2025-09-20T13:17:33.084+0000] {manager.py:737} INFO - Searching for files in /opt/airflow/dags
[2025-09-20T13:17:33.106+0000] {manager.py:740} INFO - There are 1 files in /opt/airflow/dags
[2025-09-20T13:17:56.178+0000] {manager.py:878} INFO - 
================================================================================
DAG File Processing Stats

File Path                          PID    Runtime      # DAGs    # Errors  Last Runtime    Last Run
---------------------------------  -----  ---------  --------  ----------  --------------  -------------------
/opt/airflow/dags/kafka_stream.py                           0           1  0.37s           2025-09-20T13:17:36
================================================================================
[2025-09-20T13:18:25.627+0000] {manager.py:878} INFO - 
================================================================================
DAG File Processing Stats

File Path                          PID    Runtime      # DAGs    # Errors  Last Runtime    Last Run
---------------------------------  -----  ---------  --------  ----------  --------------  -------------------
/opt/airflow/dags/kafka_stream.py                           0           1  0.24s           2025-09-20T13:18:06
================================================================================
[2025-09-20T13:18:54.935+0000] {manager.py:878} INFO - 
================================================================================
DAG File Processing Stats

File Path                          PID    Runtime      # DAGs    # Errors  Last Runtime    Last Run
---------------------------------  -----  ---------  --------  ----------  --------------  -------------------
/opt/airflow/dags/kafka_stream.py                           0           1  0.17s           2025-09-20T13:18:37
================================================================================
[2025-09-20T13:19:24.212+0000] {manager.py:878} INFO - 
================================================================================
DAG File Processing Stats

File Path                          PID    Runtime      # DAGs    # Errors  Last Runtime    Last Run
---------------------------------  -----  ---------  --------  ----------  --------------  -------------------
/opt/airflow/dags/kafka_stream.py                           0           1  0.14s           2025-09-20T13:19:07
================================================================================
[2025-09-20T13:19:53.423+0000] {manager.py:878} INFO - 
================================================================================
DAG File Processing Stats

File Path                          PID    Runtime      # DAGs    # Errors  Last Runtime    Last Run
---------------------------------  -----  ---------  --------  ----------  --------------  -------------------
/opt/airflow/dags/kafka_stream.py                           0           1  0.12s           2025-09-20T13:19:37
================================================================================
[2025-09-20T13:20:22.608+0000] {manager.py:878} INFO - 
================================================================================
DAG File Processing Stats

File Path                          PID    Runtime      # DAGs    # Errors  Last Runtime    Last Run
---------------------------------  -----  ---------  --------  ----------  --------------  -------------------
/opt/airflow/dags/kafka_stream.py                           0           1  0.15s           2025-09-20T13:20:08
================================================================================
[2025-09-20T13:20:51.832+0000] {manager.py:878} INFO - 
================================================================================
DAG File Processing Stats

File Path                          PID    Runtime      # DAGs    # Errors  Last Runtime    Last Run
---------------------------------  -----  ---------  --------  ----------  --------------  -------------------
/opt/airflow/dags/kafka_stream.py                           0           1  0.13s           2025-09-20T13:20:38
================================================================================
[2025-09-20T13:21:21.010+0000] {manager.py:878} INFO - 
================================================================================
DAG File Processing Stats

File Path                          PID    Runtime      # DAGs    # Errors  Last Runtime    Last Run
---------------------------------  -----  ---------  --------  ----------  --------------  -------------------
/opt/airflow/dags/kafka_stream.py                           0           1  0.12s           2025-09-20T13:21:09
================================================================================
[2025-09-20T13:21:50.254+0000] {manager.py:878} INFO - 
================================================================================
DAG File Processing Stats

File Path                          PID    Runtime      # DAGs    # Errors  Last Runtime    Last Run
---------------------------------  -----  ---------  --------  ----------  --------------  -------------------
/opt/airflow/dags/kafka_stream.py                           0           1  0.13s           2025-09-20T13:21:39
================================================================================
[2025-09-20T13:22:19.352+0000] {manager.py:878} INFO - 
================================================================================
DAG File Processing Stats

File Path                          PID    Runtime      # DAGs    # Errors  Last Runtime    Last Run
---------------------------------  -----  ---------  --------  ----------  --------------  -------------------
/opt/airflow/dags/kafka_stream.py                           0           1  0.13s           2025-09-20T13:22:09
================================================================================
[2025-09-20T13:22:33.619+0000] {manager.py:737} INFO - Searching for files in /opt/airflow/dags
[2025-09-20T13:22:33.637+0000] {manager.py:740} INFO - There are 1 files in /opt/airflow/dags
[2025-09-20T13:22:48.864+0000] {manager.py:878} INFO - 
================================================================================
DAG File Processing Stats

File Path                          PID    Runtime      # DAGs    # Errors  Last Runtime    Last Run
---------------------------------  -----  ---------  --------  ----------  --------------  -------------------
/opt/airflow/dags/kafka_stream.py                           0           1  0.26s           2025-09-20T13:22:39
================================================================================
[2025-09-20T13:23:18.447+0000] {manager.py:878} INFO - 
================================================================================
DAG File Processing Stats

File Path                          PID    Runtime      # DAGs    # Errors  Last Runtime    Last Run
---------------------------------  -----  ---------  --------  ----------  --------------  -------------------
/opt/airflow/dags/kafka_stream.py                           0           1  0.15s           2025-09-20T13:23:10
================================================================================
[2025-09-20T13:23:47.506+0000] {manager.py:878} INFO - 
================================================================================
DAG File Processing Stats

File Path                          PID    Runtime      # DAGs    # Errors  Last Runtime    Last Run
---------------------------------  -----  ---------  --------  ----------  --------------  -------------------
/opt/airflow/dags/kafka_stream.py                           0           1  0.12s           2025-09-20T13:23:40
================================================================================
[2025-09-20T13:24:17.013+0000] {manager.py:878} INFO - 
================================================================================
DAG File Processing Stats

File Path                          PID    Runtime      # DAGs    # Errors  Last Runtime    Last Run
---------------------------------  -----  ---------  --------  ----------  --------------  -------------------
/opt/airflow/dags/kafka_stream.py                           0           1  0.18s           2025-09-20T13:24:11
================================================================================
[2025-09-20T13:24:46.669+0000] {manager.py:878} INFO - 
================================================================================
DAG File Processing Stats

File Path                          PID    Runtime      # DAGs    # Errors  Last Runtime    Last Run
---------------------------------  -----  ---------  --------  ----------  --------------  -------------------
/opt/airflow/dags/kafka_stream.py                           0           1  0.13s           2025-09-20T13:24:41
================================================================================
[2025-09-20T13:25:16.034+0000] {manager.py:878} INFO - 
================================================================================
DAG File Processing Stats

File Path                          PID    Runtime      # DAGs    # Errors  Last Runtime    Last Run
---------------------------------  -----  ---------  --------  ----------  --------------  -------------------
/opt/airflow/dags/kafka_stream.py                           0           1  0.13s           2025-09-20T13:25:12
================================================================================
[2025-09-20T13:25:45.222+0000] {manager.py:878} INFO - 
================================================================================
DAG File Processing Stats

File Path                          PID    Runtime      # DAGs    # Errors  Last Runtime    Last Run
---------------------------------  -----  ---------  --------  ----------  --------------  -------------------
/opt/airflow/dags/kafka_stream.py                           0           1  0.12s           2025-09-20T13:25:42
================================================================================
[2025-09-20T13:26:14.341+0000] {manager.py:878} INFO - 
================================================================================
DAG File Processing Stats

File Path                          PID    Runtime      # DAGs    # Errors  Last Runtime    Last Run
---------------------------------  -----  ---------  --------  ----------  --------------  -------------------
/opt/airflow/dags/kafka_stream.py                           0           1  0.15s           2025-09-20T13:26:12
================================================================================
[2025-09-20T13:26:43.581+0000] {manager.py:878} INFO - 
================================================================================
DAG File Processing Stats

File Path                          PID    Runtime      # DAGs    # Errors  Last Runtime    Last Run
---------------------------------  -----  ---------  --------  ----------  --------------  -------------------
/opt/airflow/dags/kafka_stream.py                           0           1  0.12s           2025-09-20T13:26:42
================================================================================
[2025-09-20T13:27:12.691+0000] {manager.py:878} INFO - 
================================================================================
DAG File Processing Stats

File Path                          PID    Runtime      # DAGs    # Errors  Last Runtime    Last Run
---------------------------------  -----  ---------  --------  ----------  --------------  -------------------
/opt/airflow/dags/kafka_stream.py                           0           1  0.12s           2025-09-20T13:26:42
================================================================================
[2025-09-20T13:27:33.744+0000] {manager.py:737} INFO - Searching for files in /opt/airflow/dags
[2025-09-20T13:27:33.763+0000] {manager.py:740} INFO - There are 1 files in /opt/airflow/dags
[2025-09-20T13:27:41.868+0000] {manager.py:878} INFO - 
================================================================================
DAG File Processing Stats

File Path                          PID    Runtime      # DAGs    # Errors  Last Runtime    Last Run
---------------------------------  -----  ---------  --------  ----------  --------------  -------------------
/opt/airflow/dags/kafka_stream.py                           0           1  0.19s           2025-09-20T13:27:12
================================================================================
[2025-09-20T13:28:11.162+0000] {manager.py:878} INFO - 
================================================================================
DAG File Processing Stats

File Path                          PID    Runtime      # DAGs    # Errors  Last Runtime    Last Run
---------------------------------  -----  ---------  --------  ----------  --------------  -------------------
/opt/airflow/dags/kafka_stream.py                           0           1  0.42s           2025-09-20T13:27:43
================================================================================
[2025-09-20T13:28:40.691+0000] {manager.py:878} INFO - 
================================================================================
DAG File Processing Stats

File Path                          PID    Runtime      # DAGs    # Errors  Last Runtime    Last Run
---------------------------------  -----  ---------  --------  ----------  --------------  -------------------
/opt/airflow/dags/kafka_stream.py                           0           1  0.13s           2025-09-20T13:28:13
================================================================================
[2025-09-20T13:49:23.575+0000] {manager.py:737} INFO - Searching for files in /opt/airflow/dags
[2025-09-20T13:49:23.602+0000] {manager.py:740} INFO - There are 1 files in /opt/airflow/dags
[2025-09-20T13:49:41.847+0000] {manager.py:878} INFO - 
================================================================================
DAG File Processing Stats

File Path                          PID    Runtime      # DAGs    # Errors  Last Runtime    Last Run
---------------------------------  -----  ---------  --------  ----------  --------------  -------------------
/opt/airflow/dags/kafka_stream.py                           0           1  0.19s           2025-09-20T13:49:23
================================================================================
[2025-09-20T13:50:11.188+0000] {manager.py:878} INFO - 
================================================================================
DAG File Processing Stats

File Path                          PID    Runtime      # DAGs    # Errors  Last Runtime    Last Run
---------------------------------  -----  ---------  --------  ----------  --------------  -------------------
/opt/airflow/dags/kafka_stream.py                           0           1  0.17s           2025-09-20T13:49:54
================================================================================
