[2025-09-20T12:57:31.436+0000] {processor.py:161} INFO - Started process (PID=218) to work on /opt/airflow/dags/kafka_stream.py
[2025-09-20T12:57:31.437+0000] {processor.py:830} INFO - Processing file /opt/airflow/dags/kafka_stream.py for tasks to queue
[2025-09-20T12:57:31.439+0000] {logging_mixin.py:188} INFO - [2025-09-20T12:57:31.439+0000] {dagbag.py:545} INFO - Filling up the DagBag from /opt/airflow/dags/kafka_stream.py
[2025-09-20T12:57:31.524+0000] {processor.py:840} INFO - DAG(s) 'user_automation' retrieved from /opt/airflow/dags/kafka_stream.py
[2025-09-20T12:57:31.707+0000] {logging_mixin.py:188} INFO - [2025-09-20T12:57:31.707+0000] {dag.py:3089} INFO - Sync 1 DAGs
[2025-09-20T12:57:31.733+0000] {logging_mixin.py:188} INFO - [2025-09-20T12:57:31.732+0000] {dag.py:3947} INFO - Setting next_dagrun for user_automation to 2025-09-19 00:00:00+00:00, run_after=2025-09-20 00:00:00+00:00
[2025-09-20T12:57:31.769+0000] {processor.py:183} INFO - Processing /opt/airflow/dags/kafka_stream.py took 0.337 seconds
[2025-09-20T12:58:02.609+0000] {processor.py:161} INFO - Started process (PID=229) to work on /opt/airflow/dags/kafka_stream.py
[2025-09-20T12:58:02.610+0000] {processor.py:830} INFO - Processing file /opt/airflow/dags/kafka_stream.py for tasks to queue
[2025-09-20T12:58:02.612+0000] {logging_mixin.py:188} INFO - [2025-09-20T12:58:02.612+0000] {dagbag.py:545} INFO - Filling up the DagBag from /opt/airflow/dags/kafka_stream.py
[2025-09-20T12:58:02.629+0000] {processor.py:840} INFO - DAG(s) 'user_automation' retrieved from /opt/airflow/dags/kafka_stream.py
[2025-09-20T12:58:02.649+0000] {logging_mixin.py:188} INFO - [2025-09-20T12:58:02.649+0000] {dag.py:3089} INFO - Sync 1 DAGs
[2025-09-20T12:58:02.095+0000] {logging_mixin.py:188} INFO - [2025-09-20T12:58:02.095+0000] {dag.py:3947} INFO - Setting next_dagrun for user_automation to 2025-09-19 00:00:00+00:00, run_after=2025-09-20 00:00:00+00:00
[2025-09-20T12:58:02.109+0000] {processor.py:183} INFO - Processing /opt/airflow/dags/kafka_stream.py took 0.074 seconds
[2025-09-20T12:58:32.926+0000] {processor.py:161} INFO - Started process (PID=247) to work on /opt/airflow/dags/kafka_stream.py
[2025-09-20T12:58:32.928+0000] {processor.py:830} INFO - Processing file /opt/airflow/dags/kafka_stream.py for tasks to queue
[2025-09-20T12:58:32.931+0000] {logging_mixin.py:188} INFO - [2025-09-20T12:58:32.931+0000] {dagbag.py:545} INFO - Filling up the DagBag from /opt/airflow/dags/kafka_stream.py
[2025-09-20T12:58:33.014+0000] {processor.py:840} INFO - DAG(s) 'user_automation' retrieved from /opt/airflow/dags/kafka_stream.py
[2025-09-20T12:58:33.034+0000] {logging_mixin.py:188} INFO - [2025-09-20T12:58:33.034+0000] {dag.py:3089} INFO - Sync 1 DAGs
[2025-09-20T12:58:33.047+0000] {logging_mixin.py:188} INFO - [2025-09-20T12:58:33.047+0000] {dag.py:3947} INFO - Setting next_dagrun for user_automation to 2025-09-19 00:00:00+00:00, run_after=2025-09-20 00:00:00+00:00
[2025-09-20T12:58:33.072+0000] {processor.py:183} INFO - Processing /opt/airflow/dags/kafka_stream.py took 0.150 seconds
[2025-09-20T12:58:44.187+0000] {processor.py:161} INFO - Started process (PID=252) to work on /opt/airflow/dags/kafka_stream.py
[2025-09-20T12:58:44.188+0000] {processor.py:830} INFO - Processing file /opt/airflow/dags/kafka_stream.py for tasks to queue
[2025-09-20T12:58:44.190+0000] {logging_mixin.py:188} INFO - [2025-09-20T12:58:44.189+0000] {dagbag.py:545} INFO - Filling up the DagBag from /opt/airflow/dags/kafka_stream.py
[2025-09-20T12:58:44.458+0000] {logging_mixin.py:188} INFO - [2025-09-20T12:58:44.454+0000] {dagbag.py:355} ERROR - Failed to import: /opt/airflow/dags/kafka_stream.py
Traceback (most recent call last):
  File "/home/airflow/.local/lib/python3.12/site-packages/airflow/models/dagbag.py", line 351, in parse
    loader.exec_module(new_module)
  File "<frozen importlib._bootstrap_external>", line 995, in exec_module
  File "<frozen importlib._bootstrap>", line 488, in _call_with_frames_removed
  File "/opt/airflow/dags/kafka_stream.py", line 10, in <module>
    from cassandra.cluster import Cluster
ModuleNotFoundError: No module named 'cassandra'
[2025-09-20T12:58:44.460+0000] {processor.py:842} WARNING - No viable dags retrieved from /opt/airflow/dags/kafka_stream.py
[2025-09-20T12:58:44.477+0000] {processor.py:183} INFO - Processing /opt/airflow/dags/kafka_stream.py took 0.294 seconds
[2025-09-20T12:59:15.295+0000] {processor.py:161} INFO - Started process (PID=263) to work on /opt/airflow/dags/kafka_stream.py
[2025-09-20T12:59:15.296+0000] {processor.py:830} INFO - Processing file /opt/airflow/dags/kafka_stream.py for tasks to queue
[2025-09-20T12:59:15.301+0000] {logging_mixin.py:188} INFO - [2025-09-20T12:59:15.299+0000] {dagbag.py:545} INFO - Filling up the DagBag from /opt/airflow/dags/kafka_stream.py
[2025-09-20T12:59:15.402+0000] {logging_mixin.py:188} INFO - [2025-09-20T12:59:15.394+0000] {dagbag.py:355} ERROR - Failed to import: /opt/airflow/dags/kafka_stream.py
Traceback (most recent call last):
  File "/home/airflow/.local/lib/python3.12/site-packages/airflow/models/dagbag.py", line 351, in parse
    loader.exec_module(new_module)
  File "<frozen importlib._bootstrap_external>", line 995, in exec_module
  File "<frozen importlib._bootstrap>", line 488, in _call_with_frames_removed
  File "/opt/airflow/dags/kafka_stream.py", line 10, in <module>
    from cassandra.cluster import Cluster
ModuleNotFoundError: No module named 'cassandra'
[2025-09-20T12:59:15.407+0000] {processor.py:842} WARNING - No viable dags retrieved from /opt/airflow/dags/kafka_stream.py
[2025-09-20T12:59:15.428+0000] {processor.py:183} INFO - Processing /opt/airflow/dags/kafka_stream.py took 0.137 seconds
[2025-09-20T12:59:45.557+0000] {processor.py:161} INFO - Started process (PID=274) to work on /opt/airflow/dags/kafka_stream.py
[2025-09-20T12:59:45.558+0000] {processor.py:830} INFO - Processing file /opt/airflow/dags/kafka_stream.py for tasks to queue
[2025-09-20T12:59:45.560+0000] {logging_mixin.py:188} INFO - [2025-09-20T12:59:45.559+0000] {dagbag.py:545} INFO - Filling up the DagBag from /opt/airflow/dags/kafka_stream.py
[2025-09-20T12:59:45.743+0000] {logging_mixin.py:188} INFO - [2025-09-20T12:59:45.726+0000] {dagbag.py:355} ERROR - Failed to import: /opt/airflow/dags/kafka_stream.py
Traceback (most recent call last):
  File "/home/airflow/.local/lib/python3.12/site-packages/airflow/models/dagbag.py", line 351, in parse
    loader.exec_module(new_module)
  File "<frozen importlib._bootstrap_external>", line 995, in exec_module
  File "<frozen importlib._bootstrap>", line 488, in _call_with_frames_removed
  File "/opt/airflow/dags/kafka_stream.py", line 10, in <module>
    from cassandra.cluster import Cluster
ModuleNotFoundError: No module named 'cassandra'
[2025-09-20T12:59:45.748+0000] {processor.py:842} WARNING - No viable dags retrieved from /opt/airflow/dags/kafka_stream.py
[2025-09-20T12:59:45.764+0000] {processor.py:183} INFO - Processing /opt/airflow/dags/kafka_stream.py took 0.212 seconds
[2025-09-20T13:00:16.575+0000] {processor.py:161} INFO - Started process (PID=285) to work on /opt/airflow/dags/kafka_stream.py
[2025-09-20T13:00:16.576+0000] {processor.py:830} INFO - Processing file /opt/airflow/dags/kafka_stream.py for tasks to queue
[2025-09-20T13:00:16.578+0000] {logging_mixin.py:188} INFO - [2025-09-20T13:00:16.577+0000] {dagbag.py:545} INFO - Filling up the DagBag from /opt/airflow/dags/kafka_stream.py
[2025-09-20T13:00:16.689+0000] {logging_mixin.py:188} INFO - [2025-09-20T13:00:16.680+0000] {dagbag.py:355} ERROR - Failed to import: /opt/airflow/dags/kafka_stream.py
Traceback (most recent call last):
  File "/home/airflow/.local/lib/python3.12/site-packages/airflow/models/dagbag.py", line 351, in parse
    loader.exec_module(new_module)
  File "<frozen importlib._bootstrap_external>", line 995, in exec_module
  File "<frozen importlib._bootstrap>", line 488, in _call_with_frames_removed
  File "/opt/airflow/dags/kafka_stream.py", line 10, in <module>
    from cassandra.cluster import Cluster
ModuleNotFoundError: No module named 'cassandra'
[2025-09-20T13:00:16.691+0000] {processor.py:842} WARNING - No viable dags retrieved from /opt/airflow/dags/kafka_stream.py
[2025-09-20T13:00:16.711+0000] {processor.py:183} INFO - Processing /opt/airflow/dags/kafka_stream.py took 0.140 seconds
[2025-09-20T13:00:46.909+0000] {processor.py:161} INFO - Started process (PID=295) to work on /opt/airflow/dags/kafka_stream.py
[2025-09-20T13:00:46.911+0000] {processor.py:830} INFO - Processing file /opt/airflow/dags/kafka_stream.py for tasks to queue
[2025-09-20T13:00:46.915+0000] {logging_mixin.py:188} INFO - [2025-09-20T13:00:46.915+0000] {dagbag.py:545} INFO - Filling up the DagBag from /opt/airflow/dags/kafka_stream.py
[2025-09-20T13:00:47.092+0000] {logging_mixin.py:188} INFO - [2025-09-20T13:00:47.081+0000] {dagbag.py:355} ERROR - Failed to import: /opt/airflow/dags/kafka_stream.py
Traceback (most recent call last):
  File "/home/airflow/.local/lib/python3.12/site-packages/airflow/models/dagbag.py", line 351, in parse
    loader.exec_module(new_module)
  File "<frozen importlib._bootstrap_external>", line 995, in exec_module
  File "<frozen importlib._bootstrap>", line 488, in _call_with_frames_removed
  File "/opt/airflow/dags/kafka_stream.py", line 10, in <module>
    from cassandra.cluster import Cluster
ModuleNotFoundError: No module named 'cassandra'
[2025-09-20T13:00:47.094+0000] {processor.py:842} WARNING - No viable dags retrieved from /opt/airflow/dags/kafka_stream.py
[2025-09-20T13:00:47.114+0000] {processor.py:183} INFO - Processing /opt/airflow/dags/kafka_stream.py took 0.209 seconds
[2025-09-20T13:01:17.185+0000] {processor.py:161} INFO - Started process (PID=306) to work on /opt/airflow/dags/kafka_stream.py
[2025-09-20T13:01:17.186+0000] {processor.py:830} INFO - Processing file /opt/airflow/dags/kafka_stream.py for tasks to queue
[2025-09-20T13:01:17.187+0000] {logging_mixin.py:188} INFO - [2025-09-20T13:01:17.186+0000] {dagbag.py:545} INFO - Filling up the DagBag from /opt/airflow/dags/kafka_stream.py
[2025-09-20T13:01:17.275+0000] {logging_mixin.py:188} INFO - [2025-09-20T13:01:17.271+0000] {dagbag.py:355} ERROR - Failed to import: /opt/airflow/dags/kafka_stream.py
Traceback (most recent call last):
  File "/home/airflow/.local/lib/python3.12/site-packages/airflow/models/dagbag.py", line 351, in parse
    loader.exec_module(new_module)
  File "<frozen importlib._bootstrap_external>", line 995, in exec_module
  File "<frozen importlib._bootstrap>", line 488, in _call_with_frames_removed
  File "/opt/airflow/dags/kafka_stream.py", line 10, in <module>
    from cassandra.cluster import Cluster
ModuleNotFoundError: No module named 'cassandra'
[2025-09-20T13:01:17.276+0000] {processor.py:842} WARNING - No viable dags retrieved from /opt/airflow/dags/kafka_stream.py
[2025-09-20T13:01:17.297+0000] {processor.py:183} INFO - Processing /opt/airflow/dags/kafka_stream.py took 0.119 seconds
[2025-09-20T13:01:48.265+0000] {processor.py:161} INFO - Started process (PID=317) to work on /opt/airflow/dags/kafka_stream.py
[2025-09-20T13:01:48.266+0000] {processor.py:830} INFO - Processing file /opt/airflow/dags/kafka_stream.py for tasks to queue
[2025-09-20T13:01:48.267+0000] {logging_mixin.py:188} INFO - [2025-09-20T13:01:48.267+0000] {dagbag.py:545} INFO - Filling up the DagBag from /opt/airflow/dags/kafka_stream.py
[2025-09-20T13:01:48.393+0000] {logging_mixin.py:188} INFO - [2025-09-20T13:01:48.382+0000] {dagbag.py:355} ERROR - Failed to import: /opt/airflow/dags/kafka_stream.py
Traceback (most recent call last):
  File "/home/airflow/.local/lib/python3.12/site-packages/airflow/models/dagbag.py", line 351, in parse
    loader.exec_module(new_module)
  File "<frozen importlib._bootstrap_external>", line 995, in exec_module
  File "<frozen importlib._bootstrap>", line 488, in _call_with_frames_removed
  File "/opt/airflow/dags/kafka_stream.py", line 10, in <module>
    from cassandra.cluster import Cluster
ModuleNotFoundError: No module named 'cassandra'
[2025-09-20T13:01:48.395+0000] {processor.py:842} WARNING - No viable dags retrieved from /opt/airflow/dags/kafka_stream.py
[2025-09-20T13:01:48.414+0000] {processor.py:183} INFO - Processing /opt/airflow/dags/kafka_stream.py took 0.154 seconds
[2025-09-20T13:02:18.461+0000] {processor.py:161} INFO - Started process (PID=328) to work on /opt/airflow/dags/kafka_stream.py
[2025-09-20T13:02:18.462+0000] {processor.py:830} INFO - Processing file /opt/airflow/dags/kafka_stream.py for tasks to queue
[2025-09-20T13:02:18.463+0000] {logging_mixin.py:188} INFO - [2025-09-20T13:02:18.463+0000] {dagbag.py:545} INFO - Filling up the DagBag from /opt/airflow/dags/kafka_stream.py
[2025-09-20T13:02:18.560+0000] {logging_mixin.py:188} INFO - [2025-09-20T13:02:18.555+0000] {dagbag.py:355} ERROR - Failed to import: /opt/airflow/dags/kafka_stream.py
Traceback (most recent call last):
  File "/home/airflow/.local/lib/python3.12/site-packages/airflow/models/dagbag.py", line 351, in parse
    loader.exec_module(new_module)
  File "<frozen importlib._bootstrap_external>", line 995, in exec_module
  File "<frozen importlib._bootstrap>", line 488, in _call_with_frames_removed
  File "/opt/airflow/dags/kafka_stream.py", line 10, in <module>
    from cassandra.cluster import Cluster
ModuleNotFoundError: No module named 'cassandra'
[2025-09-20T13:02:18.561+0000] {processor.py:842} WARNING - No viable dags retrieved from /opt/airflow/dags/kafka_stream.py
[2025-09-20T13:02:18.576+0000] {processor.py:183} INFO - Processing /opt/airflow/dags/kafka_stream.py took 0.118 seconds
[2025-09-20T13:02:49.550+0000] {processor.py:161} INFO - Started process (PID=339) to work on /opt/airflow/dags/kafka_stream.py
[2025-09-20T13:02:49.551+0000] {processor.py:830} INFO - Processing file /opt/airflow/dags/kafka_stream.py for tasks to queue
[2025-09-20T13:02:49.552+0000] {logging_mixin.py:188} INFO - [2025-09-20T13:02:49.552+0000] {dagbag.py:545} INFO - Filling up the DagBag from /opt/airflow/dags/kafka_stream.py
[2025-09-20T13:02:49.650+0000] {logging_mixin.py:188} INFO - [2025-09-20T13:02:49.638+0000] {dagbag.py:355} ERROR - Failed to import: /opt/airflow/dags/kafka_stream.py
Traceback (most recent call last):
  File "/home/airflow/.local/lib/python3.12/site-packages/airflow/models/dagbag.py", line 351, in parse
    loader.exec_module(new_module)
  File "<frozen importlib._bootstrap_external>", line 995, in exec_module
  File "<frozen importlib._bootstrap>", line 488, in _call_with_frames_removed
  File "/opt/airflow/dags/kafka_stream.py", line 10, in <module>
    from cassandra.cluster import Cluster
ModuleNotFoundError: No module named 'cassandra'
[2025-09-20T13:02:49.652+0000] {processor.py:842} WARNING - No viable dags retrieved from /opt/airflow/dags/kafka_stream.py
[2025-09-20T13:02:49.668+0000] {processor.py:183} INFO - Processing /opt/airflow/dags/kafka_stream.py took 0.121 seconds
[2025-09-20T13:03:20.406+0000] {processor.py:161} INFO - Started process (PID=355) to work on /opt/airflow/dags/kafka_stream.py
[2025-09-20T13:03:20.407+0000] {processor.py:830} INFO - Processing file /opt/airflow/dags/kafka_stream.py for tasks to queue
[2025-09-20T13:03:20.407+0000] {logging_mixin.py:188} INFO - [2025-09-20T13:03:20.407+0000] {dagbag.py:545} INFO - Filling up the DagBag from /opt/airflow/dags/kafka_stream.py
[2025-09-20T13:03:20.506+0000] {logging_mixin.py:188} INFO - [2025-09-20T13:03:20.500+0000] {dagbag.py:355} ERROR - Failed to import: /opt/airflow/dags/kafka_stream.py
Traceback (most recent call last):
  File "/home/airflow/.local/lib/python3.12/site-packages/airflow/models/dagbag.py", line 351, in parse
    loader.exec_module(new_module)
  File "<frozen importlib._bootstrap_external>", line 995, in exec_module
  File "<frozen importlib._bootstrap>", line 488, in _call_with_frames_removed
  File "/opt/airflow/dags/kafka_stream.py", line 10, in <module>
    from cassandra.cluster import Cluster
ModuleNotFoundError: No module named 'cassandra'
[2025-09-20T13:03:20.506+0000] {processor.py:842} WARNING - No viable dags retrieved from /opt/airflow/dags/kafka_stream.py
[2025-09-20T13:03:20.525+0000] {processor.py:183} INFO - Processing /opt/airflow/dags/kafka_stream.py took 0.122 seconds
[2025-09-20T13:03:50.616+0000] {processor.py:161} INFO - Started process (PID=366) to work on /opt/airflow/dags/kafka_stream.py
[2025-09-20T13:03:50.617+0000] {processor.py:830} INFO - Processing file /opt/airflow/dags/kafka_stream.py for tasks to queue
[2025-09-20T13:03:50.617+0000] {logging_mixin.py:188} INFO - [2025-09-20T13:03:50.617+0000] {dagbag.py:545} INFO - Filling up the DagBag from /opt/airflow/dags/kafka_stream.py
[2025-09-20T13:03:50.706+0000] {logging_mixin.py:188} INFO - [2025-09-20T13:03:50.699+0000] {dagbag.py:355} ERROR - Failed to import: /opt/airflow/dags/kafka_stream.py
Traceback (most recent call last):
  File "/home/airflow/.local/lib/python3.12/site-packages/airflow/models/dagbag.py", line 351, in parse
    loader.exec_module(new_module)
  File "<frozen importlib._bootstrap_external>", line 995, in exec_module
  File "<frozen importlib._bootstrap>", line 488, in _call_with_frames_removed
  File "/opt/airflow/dags/kafka_stream.py", line 10, in <module>
    from cassandra.cluster import Cluster
ModuleNotFoundError: No module named 'cassandra'
[2025-09-20T13:03:50.708+0000] {processor.py:842} WARNING - No viable dags retrieved from /opt/airflow/dags/kafka_stream.py
[2025-09-20T13:03:50.726+0000] {processor.py:183} INFO - Processing /opt/airflow/dags/kafka_stream.py took 0.114 seconds
[2025-09-20T13:04:20.813+0000] {processor.py:161} INFO - Started process (PID=377) to work on /opt/airflow/dags/kafka_stream.py
[2025-09-20T13:04:20.814+0000] {processor.py:830} INFO - Processing file /opt/airflow/dags/kafka_stream.py for tasks to queue
[2025-09-20T13:04:20.816+0000] {logging_mixin.py:188} INFO - [2025-09-20T13:04:20.816+0000] {dagbag.py:545} INFO - Filling up the DagBag from /opt/airflow/dags/kafka_stream.py
[2025-09-20T13:04:20.948+0000] {logging_mixin.py:188} INFO - [2025-09-20T13:04:20.936+0000] {dagbag.py:355} ERROR - Failed to import: /opt/airflow/dags/kafka_stream.py
Traceback (most recent call last):
  File "/home/airflow/.local/lib/python3.12/site-packages/airflow/models/dagbag.py", line 351, in parse
    loader.exec_module(new_module)
  File "<frozen importlib._bootstrap_external>", line 995, in exec_module
  File "<frozen importlib._bootstrap>", line 488, in _call_with_frames_removed
  File "/opt/airflow/dags/kafka_stream.py", line 10, in <module>
    from cassandra.cluster import Cluster
ModuleNotFoundError: No module named 'cassandra'
[2025-09-20T13:04:20.951+0000] {processor.py:842} WARNING - No viable dags retrieved from /opt/airflow/dags/kafka_stream.py
[2025-09-20T13:04:20.965+0000] {processor.py:183} INFO - Processing /opt/airflow/dags/kafka_stream.py took 0.156 seconds
[2025-09-20T13:04:51.265+0000] {processor.py:161} INFO - Started process (PID=388) to work on /opt/airflow/dags/kafka_stream.py
[2025-09-20T13:04:51.266+0000] {processor.py:830} INFO - Processing file /opt/airflow/dags/kafka_stream.py for tasks to queue
[2025-09-20T13:04:51.268+0000] {logging_mixin.py:188} INFO - [2025-09-20T13:04:51.268+0000] {dagbag.py:545} INFO - Filling up the DagBag from /opt/airflow/dags/kafka_stream.py
[2025-09-20T13:04:51.522+0000] {logging_mixin.py:188} INFO - [2025-09-20T13:04:51.495+0000] {dagbag.py:355} ERROR - Failed to import: /opt/airflow/dags/kafka_stream.py
Traceback (most recent call last):
  File "/home/airflow/.local/lib/python3.12/site-packages/airflow/models/dagbag.py", line 351, in parse
    loader.exec_module(new_module)
  File "<frozen importlib._bootstrap_external>", line 995, in exec_module
  File "<frozen importlib._bootstrap>", line 488, in _call_with_frames_removed
  File "/opt/airflow/dags/kafka_stream.py", line 10, in <module>
    from cassandra.cluster import Cluster
ModuleNotFoundError: No module named 'cassandra'
[2025-09-20T13:04:51.533+0000] {processor.py:842} WARNING - No viable dags retrieved from /opt/airflow/dags/kafka_stream.py
[2025-09-20T13:04:51.554+0000] {processor.py:183} INFO - Processing /opt/airflow/dags/kafka_stream.py took 0.293 seconds
[2025-09-20T13:05:21.815+0000] {processor.py:161} INFO - Started process (PID=399) to work on /opt/airflow/dags/kafka_stream.py
[2025-09-20T13:05:21.816+0000] {processor.py:830} INFO - Processing file /opt/airflow/dags/kafka_stream.py for tasks to queue
[2025-09-20T13:05:21.816+0000] {logging_mixin.py:188} INFO - [2025-09-20T13:05:21.816+0000] {dagbag.py:545} INFO - Filling up the DagBag from /opt/airflow/dags/kafka_stream.py
[2025-09-20T13:05:21.907+0000] {logging_mixin.py:188} INFO - [2025-09-20T13:05:21.900+0000] {dagbag.py:355} ERROR - Failed to import: /opt/airflow/dags/kafka_stream.py
Traceback (most recent call last):
  File "/home/airflow/.local/lib/python3.12/site-packages/airflow/models/dagbag.py", line 351, in parse
    loader.exec_module(new_module)
  File "<frozen importlib._bootstrap_external>", line 995, in exec_module
  File "<frozen importlib._bootstrap>", line 488, in _call_with_frames_removed
  File "/opt/airflow/dags/kafka_stream.py", line 10, in <module>
    from cassandra.cluster import Cluster
ModuleNotFoundError: No module named 'cassandra'
[2025-09-20T13:05:21.909+0000] {processor.py:842} WARNING - No viable dags retrieved from /opt/airflow/dags/kafka_stream.py
[2025-09-20T13:05:21.923+0000] {processor.py:183} INFO - Processing /opt/airflow/dags/kafka_stream.py took 0.112 seconds
[2025-09-20T13:05:52.082+0000] {processor.py:161} INFO - Started process (PID=409) to work on /opt/airflow/dags/kafka_stream.py
[2025-09-20T13:05:52.086+0000] {processor.py:830} INFO - Processing file /opt/airflow/dags/kafka_stream.py for tasks to queue
[2025-09-20T13:05:52.087+0000] {logging_mixin.py:188} INFO - [2025-09-20T13:05:52.087+0000] {dagbag.py:545} INFO - Filling up the DagBag from /opt/airflow/dags/kafka_stream.py
[2025-09-20T13:05:52.238+0000] {logging_mixin.py:188} INFO - [2025-09-20T13:05:52.234+0000] {dagbag.py:355} ERROR - Failed to import: /opt/airflow/dags/kafka_stream.py
Traceback (most recent call last):
  File "/home/airflow/.local/lib/python3.12/site-packages/airflow/models/dagbag.py", line 351, in parse
    loader.exec_module(new_module)
  File "<frozen importlib._bootstrap_external>", line 995, in exec_module
  File "<frozen importlib._bootstrap>", line 488, in _call_with_frames_removed
  File "/opt/airflow/dags/kafka_stream.py", line 10, in <module>
    from cassandra.cluster import Cluster
ModuleNotFoundError: No module named 'cassandra'
[2025-09-20T13:05:52.239+0000] {processor.py:842} WARNING - No viable dags retrieved from /opt/airflow/dags/kafka_stream.py
[2025-09-20T13:05:52.257+0000] {processor.py:183} INFO - Processing /opt/airflow/dags/kafka_stream.py took 0.179 seconds
[2025-09-20T13:06:22.362+0000] {processor.py:161} INFO - Started process (PID=420) to work on /opt/airflow/dags/kafka_stream.py
[2025-09-20T13:06:22.363+0000] {processor.py:830} INFO - Processing file /opt/airflow/dags/kafka_stream.py for tasks to queue
[2025-09-20T13:06:22.365+0000] {logging_mixin.py:188} INFO - [2025-09-20T13:06:22.365+0000] {dagbag.py:545} INFO - Filling up the DagBag from /opt/airflow/dags/kafka_stream.py
[2025-09-20T13:06:22.496+0000] {logging_mixin.py:188} INFO - [2025-09-20T13:06:22.485+0000] {dagbag.py:355} ERROR - Failed to import: /opt/airflow/dags/kafka_stream.py
Traceback (most recent call last):
  File "/home/airflow/.local/lib/python3.12/site-packages/airflow/models/dagbag.py", line 351, in parse
    loader.exec_module(new_module)
  File "<frozen importlib._bootstrap_external>", line 995, in exec_module
  File "<frozen importlib._bootstrap>", line 488, in _call_with_frames_removed
  File "/opt/airflow/dags/kafka_stream.py", line 10, in <module>
    from cassandra.cluster import Cluster
ModuleNotFoundError: No module named 'cassandra'
[2025-09-20T13:06:22.500+0000] {processor.py:842} WARNING - No viable dags retrieved from /opt/airflow/dags/kafka_stream.py
[2025-09-20T13:06:22.515+0000] {processor.py:183} INFO - Processing /opt/airflow/dags/kafka_stream.py took 0.158 seconds
[2025-09-20T13:06:52.720+0000] {processor.py:161} INFO - Started process (PID=431) to work on /opt/airflow/dags/kafka_stream.py
[2025-09-20T13:06:52.721+0000] {processor.py:830} INFO - Processing file /opt/airflow/dags/kafka_stream.py for tasks to queue
[2025-09-20T13:06:52.722+0000] {logging_mixin.py:188} INFO - [2025-09-20T13:06:52.722+0000] {dagbag.py:545} INFO - Filling up the DagBag from /opt/airflow/dags/kafka_stream.py
[2025-09-20T13:06:52.807+0000] {logging_mixin.py:188} INFO - [2025-09-20T13:06:52.803+0000] {dagbag.py:355} ERROR - Failed to import: /opt/airflow/dags/kafka_stream.py
Traceback (most recent call last):
  File "/home/airflow/.local/lib/python3.12/site-packages/airflow/models/dagbag.py", line 351, in parse
    loader.exec_module(new_module)
  File "<frozen importlib._bootstrap_external>", line 995, in exec_module
  File "<frozen importlib._bootstrap>", line 488, in _call_with_frames_removed
  File "/opt/airflow/dags/kafka_stream.py", line 10, in <module>
    from cassandra.cluster import Cluster
ModuleNotFoundError: No module named 'cassandra'
[2025-09-20T13:06:52.807+0000] {processor.py:842} WARNING - No viable dags retrieved from /opt/airflow/dags/kafka_stream.py
[2025-09-20T13:06:52.820+0000] {processor.py:183} INFO - Processing /opt/airflow/dags/kafka_stream.py took 0.103 seconds
[2025-09-20T13:07:22.949+0000] {processor.py:161} INFO - Started process (PID=442) to work on /opt/airflow/dags/kafka_stream.py
[2025-09-20T13:07:22.950+0000] {processor.py:830} INFO - Processing file /opt/airflow/dags/kafka_stream.py for tasks to queue
[2025-09-20T13:07:22.951+0000] {logging_mixin.py:188} INFO - [2025-09-20T13:07:22.951+0000] {dagbag.py:545} INFO - Filling up the DagBag from /opt/airflow/dags/kafka_stream.py
[2025-09-20T13:07:23.107+0000] {logging_mixin.py:188} INFO - [2025-09-20T13:07:23.104+0000] {dagbag.py:355} ERROR - Failed to import: /opt/airflow/dags/kafka_stream.py
Traceback (most recent call last):
  File "/home/airflow/.local/lib/python3.12/site-packages/airflow/models/dagbag.py", line 351, in parse
    loader.exec_module(new_module)
  File "<frozen importlib._bootstrap_external>", line 995, in exec_module
  File "<frozen importlib._bootstrap>", line 488, in _call_with_frames_removed
  File "/opt/airflow/dags/kafka_stream.py", line 10, in <module>
    from cassandra.cluster import Cluster
ModuleNotFoundError: No module named 'cassandra'
[2025-09-20T13:07:23.109+0000] {processor.py:842} WARNING - No viable dags retrieved from /opt/airflow/dags/kafka_stream.py
[2025-09-20T13:07:23.123+0000] {processor.py:183} INFO - Processing /opt/airflow/dags/kafka_stream.py took 0.177 seconds
[2025-09-20T13:07:53.381+0000] {processor.py:161} INFO - Started process (PID=453) to work on /opt/airflow/dags/kafka_stream.py
[2025-09-20T13:07:53.383+0000] {processor.py:830} INFO - Processing file /opt/airflow/dags/kafka_stream.py for tasks to queue
[2025-09-20T13:07:53.384+0000] {logging_mixin.py:188} INFO - [2025-09-20T13:07:53.384+0000] {dagbag.py:545} INFO - Filling up the DagBag from /opt/airflow/dags/kafka_stream.py
[2025-09-20T13:07:53.557+0000] {logging_mixin.py:188} INFO - [2025-09-20T13:07:53.541+0000] {dagbag.py:355} ERROR - Failed to import: /opt/airflow/dags/kafka_stream.py
Traceback (most recent call last):
  File "/home/airflow/.local/lib/python3.12/site-packages/airflow/models/dagbag.py", line 351, in parse
    loader.exec_module(new_module)
  File "<frozen importlib._bootstrap_external>", line 995, in exec_module
  File "<frozen importlib._bootstrap>", line 488, in _call_with_frames_removed
  File "/opt/airflow/dags/kafka_stream.py", line 10, in <module>
    from cassandra.cluster import Cluster
ModuleNotFoundError: No module named 'cassandra'
[2025-09-20T13:07:53.561+0000] {processor.py:842} WARNING - No viable dags retrieved from /opt/airflow/dags/kafka_stream.py
[2025-09-20T13:07:53.581+0000] {processor.py:183} INFO - Processing /opt/airflow/dags/kafka_stream.py took 0.204 seconds
[2025-09-20T13:08:23.706+0000] {processor.py:161} INFO - Started process (PID=464) to work on /opt/airflow/dags/kafka_stream.py
[2025-09-20T13:08:23.707+0000] {processor.py:830} INFO - Processing file /opt/airflow/dags/kafka_stream.py for tasks to queue
[2025-09-20T13:08:23.708+0000] {logging_mixin.py:188} INFO - [2025-09-20T13:08:23.708+0000] {dagbag.py:545} INFO - Filling up the DagBag from /opt/airflow/dags/kafka_stream.py
[2025-09-20T13:08:23.808+0000] {logging_mixin.py:188} INFO - [2025-09-20T13:08:23.802+0000] {dagbag.py:355} ERROR - Failed to import: /opt/airflow/dags/kafka_stream.py
Traceback (most recent call last):
  File "/home/airflow/.local/lib/python3.12/site-packages/airflow/models/dagbag.py", line 351, in parse
    loader.exec_module(new_module)
  File "<frozen importlib._bootstrap_external>", line 995, in exec_module
  File "<frozen importlib._bootstrap>", line 488, in _call_with_frames_removed
  File "/opt/airflow/dags/kafka_stream.py", line 10, in <module>
    from cassandra.cluster import Cluster
ModuleNotFoundError: No module named 'cassandra'
[2025-09-20T13:08:23.810+0000] {processor.py:842} WARNING - No viable dags retrieved from /opt/airflow/dags/kafka_stream.py
[2025-09-20T13:08:23.829+0000] {processor.py:183} INFO - Processing /opt/airflow/dags/kafka_stream.py took 0.127 seconds
[2025-09-20T13:08:53.932+0000] {processor.py:161} INFO - Started process (PID=475) to work on /opt/airflow/dags/kafka_stream.py
[2025-09-20T13:08:53.933+0000] {processor.py:830} INFO - Processing file /opt/airflow/dags/kafka_stream.py for tasks to queue
[2025-09-20T13:08:53.934+0000] {logging_mixin.py:188} INFO - [2025-09-20T13:08:53.934+0000] {dagbag.py:545} INFO - Filling up the DagBag from /opt/airflow/dags/kafka_stream.py
[2025-09-20T13:08:54.034+0000] {logging_mixin.py:188} INFO - [2025-09-20T13:08:54.022+0000] {dagbag.py:355} ERROR - Failed to import: /opt/airflow/dags/kafka_stream.py
Traceback (most recent call last):
  File "/home/airflow/.local/lib/python3.12/site-packages/airflow/models/dagbag.py", line 351, in parse
    loader.exec_module(new_module)
  File "<frozen importlib._bootstrap_external>", line 995, in exec_module
  File "<frozen importlib._bootstrap>", line 488, in _call_with_frames_removed
  File "/opt/airflow/dags/kafka_stream.py", line 10, in <module>
    from cassandra.cluster import Cluster
ModuleNotFoundError: No module named 'cassandra'
[2025-09-20T13:08:54.036+0000] {processor.py:842} WARNING - No viable dags retrieved from /opt/airflow/dags/kafka_stream.py
[2025-09-20T13:08:54.055+0000] {processor.py:183} INFO - Processing /opt/airflow/dags/kafka_stream.py took 0.126 seconds
[2025-09-20T13:09:24.351+0000] {processor.py:161} INFO - Started process (PID=486) to work on /opt/airflow/dags/kafka_stream.py
[2025-09-20T13:09:24.352+0000] {processor.py:830} INFO - Processing file /opt/airflow/dags/kafka_stream.py for tasks to queue
[2025-09-20T13:09:24.352+0000] {logging_mixin.py:188} INFO - [2025-09-20T13:09:24.352+0000] {dagbag.py:545} INFO - Filling up the DagBag from /opt/airflow/dags/kafka_stream.py
[2025-09-20T13:09:24.434+0000] {logging_mixin.py:188} INFO - [2025-09-20T13:09:24.431+0000] {dagbag.py:355} ERROR - Failed to import: /opt/airflow/dags/kafka_stream.py
Traceback (most recent call last):
  File "/home/airflow/.local/lib/python3.12/site-packages/airflow/models/dagbag.py", line 351, in parse
    loader.exec_module(new_module)
  File "<frozen importlib._bootstrap_external>", line 995, in exec_module
  File "<frozen importlib._bootstrap>", line 488, in _call_with_frames_removed
  File "/opt/airflow/dags/kafka_stream.py", line 10, in <module>
    from cassandra.cluster import Cluster
ModuleNotFoundError: No module named 'cassandra'
[2025-09-20T13:09:24.435+0000] {processor.py:842} WARNING - No viable dags retrieved from /opt/airflow/dags/kafka_stream.py
[2025-09-20T13:09:24.447+0000] {processor.py:183} INFO - Processing /opt/airflow/dags/kafka_stream.py took 0.100 seconds
[2025-09-20T13:09:55.451+0000] {processor.py:161} INFO - Started process (PID=497) to work on /opt/airflow/dags/kafka_stream.py
[2025-09-20T13:09:55.452+0000] {processor.py:830} INFO - Processing file /opt/airflow/dags/kafka_stream.py for tasks to queue
[2025-09-20T13:09:55.453+0000] {logging_mixin.py:188} INFO - [2025-09-20T13:09:55.453+0000] {dagbag.py:545} INFO - Filling up the DagBag from /opt/airflow/dags/kafka_stream.py
[2025-09-20T13:09:55.568+0000] {logging_mixin.py:188} INFO - [2025-09-20T13:09:55.557+0000] {dagbag.py:355} ERROR - Failed to import: /opt/airflow/dags/kafka_stream.py
Traceback (most recent call last):
  File "/home/airflow/.local/lib/python3.12/site-packages/airflow/models/dagbag.py", line 351, in parse
    loader.exec_module(new_module)
  File "<frozen importlib._bootstrap_external>", line 995, in exec_module
  File "<frozen importlib._bootstrap>", line 488, in _call_with_frames_removed
  File "/opt/airflow/dags/kafka_stream.py", line 10, in <module>
    from cassandra.cluster import Cluster
ModuleNotFoundError: No module named 'cassandra'
[2025-09-20T13:09:55.570+0000] {processor.py:842} WARNING - No viable dags retrieved from /opt/airflow/dags/kafka_stream.py
[2025-09-20T13:09:55.588+0000] {processor.py:183} INFO - Processing /opt/airflow/dags/kafka_stream.py took 0.141 seconds
[2025-09-20T13:10:25.676+0000] {processor.py:161} INFO - Started process (PID=508) to work on /opt/airflow/dags/kafka_stream.py
[2025-09-20T13:10:25.676+0000] {processor.py:830} INFO - Processing file /opt/airflow/dags/kafka_stream.py for tasks to queue
[2025-09-20T13:10:25.677+0000] {logging_mixin.py:188} INFO - [2025-09-20T13:10:25.677+0000] {dagbag.py:545} INFO - Filling up the DagBag from /opt/airflow/dags/kafka_stream.py
[2025-09-20T13:10:25.762+0000] {logging_mixin.py:188} INFO - [2025-09-20T13:10:25.758+0000] {dagbag.py:355} ERROR - Failed to import: /opt/airflow/dags/kafka_stream.py
Traceback (most recent call last):
  File "/home/airflow/.local/lib/python3.12/site-packages/airflow/models/dagbag.py", line 351, in parse
    loader.exec_module(new_module)
  File "<frozen importlib._bootstrap_external>", line 995, in exec_module
  File "<frozen importlib._bootstrap>", line 488, in _call_with_frames_removed
  File "/opt/airflow/dags/kafka_stream.py", line 10, in <module>
    from cassandra.cluster import Cluster
ModuleNotFoundError: No module named 'cassandra'
[2025-09-20T13:10:25.764+0000] {processor.py:842} WARNING - No viable dags retrieved from /opt/airflow/dags/kafka_stream.py
[2025-09-20T13:10:25.783+0000] {processor.py:183} INFO - Processing /opt/airflow/dags/kafka_stream.py took 0.111 seconds
[2025-09-20T13:10:56.706+0000] {processor.py:161} INFO - Started process (PID=519) to work on /opt/airflow/dags/kafka_stream.py
[2025-09-20T13:10:56.707+0000] {processor.py:830} INFO - Processing file /opt/airflow/dags/kafka_stream.py for tasks to queue
[2025-09-20T13:10:56.709+0000] {logging_mixin.py:188} INFO - [2025-09-20T13:10:56.708+0000] {dagbag.py:545} INFO - Filling up the DagBag from /opt/airflow/dags/kafka_stream.py
[2025-09-20T13:10:56.802+0000] {logging_mixin.py:188} INFO - [2025-09-20T13:10:56.799+0000] {dagbag.py:355} ERROR - Failed to import: /opt/airflow/dags/kafka_stream.py
Traceback (most recent call last):
  File "/home/airflow/.local/lib/python3.12/site-packages/airflow/models/dagbag.py", line 351, in parse
    loader.exec_module(new_module)
  File "<frozen importlib._bootstrap_external>", line 995, in exec_module
  File "<frozen importlib._bootstrap>", line 488, in _call_with_frames_removed
  File "/opt/airflow/dags/kafka_stream.py", line 10, in <module>
    from cassandra.cluster import Cluster
ModuleNotFoundError: No module named 'cassandra'
[2025-09-20T13:10:56.803+0000] {processor.py:842} WARNING - No viable dags retrieved from /opt/airflow/dags/kafka_stream.py
[2025-09-20T13:10:56.823+0000] {processor.py:183} INFO - Processing /opt/airflow/dags/kafka_stream.py took 0.121 seconds
[2025-09-20T13:11:27.880+0000] {processor.py:161} INFO - Started process (PID=530) to work on /opt/airflow/dags/kafka_stream.py
[2025-09-20T13:11:27.881+0000] {processor.py:830} INFO - Processing file /opt/airflow/dags/kafka_stream.py for tasks to queue
[2025-09-20T13:11:27.882+0000] {logging_mixin.py:188} INFO - [2025-09-20T13:11:27.882+0000] {dagbag.py:545} INFO - Filling up the DagBag from /opt/airflow/dags/kafka_stream.py
[2025-09-20T13:11:27.963+0000] {logging_mixin.py:188} INFO - [2025-09-20T13:11:27.958+0000] {dagbag.py:355} ERROR - Failed to import: /opt/airflow/dags/kafka_stream.py
Traceback (most recent call last):
  File "/home/airflow/.local/lib/python3.12/site-packages/airflow/models/dagbag.py", line 351, in parse
    loader.exec_module(new_module)
  File "<frozen importlib._bootstrap_external>", line 995, in exec_module
  File "<frozen importlib._bootstrap>", line 488, in _call_with_frames_removed
  File "/opt/airflow/dags/kafka_stream.py", line 10, in <module>
    from cassandra.cluster import Cluster
ModuleNotFoundError: No module named 'cassandra'
[2025-09-20T13:11:27.964+0000] {processor.py:842} WARNING - No viable dags retrieved from /opt/airflow/dags/kafka_stream.py
[2025-09-20T13:11:27.983+0000] {processor.py:183} INFO - Processing /opt/airflow/dags/kafka_stream.py took 0.107 seconds
[2025-09-20T13:11:58.381+0000] {processor.py:161} INFO - Started process (PID=541) to work on /opt/airflow/dags/kafka_stream.py
[2025-09-20T13:11:58.382+0000] {processor.py:830} INFO - Processing file /opt/airflow/dags/kafka_stream.py for tasks to queue
[2025-09-20T13:11:58.382+0000] {logging_mixin.py:188} INFO - [2025-09-20T13:11:58.382+0000] {dagbag.py:545} INFO - Filling up the DagBag from /opt/airflow/dags/kafka_stream.py
[2025-09-20T13:11:58.465+0000] {logging_mixin.py:188} INFO - [2025-09-20T13:11:58.460+0000] {dagbag.py:355} ERROR - Failed to import: /opt/airflow/dags/kafka_stream.py
Traceback (most recent call last):
  File "/home/airflow/.local/lib/python3.12/site-packages/airflow/models/dagbag.py", line 351, in parse
    loader.exec_module(new_module)
  File "<frozen importlib._bootstrap_external>", line 995, in exec_module
  File "<frozen importlib._bootstrap>", line 488, in _call_with_frames_removed
  File "/opt/airflow/dags/kafka_stream.py", line 10, in <module>
    from cassandra.cluster import Cluster
ModuleNotFoundError: No module named 'cassandra'
[2025-09-20T13:11:58.466+0000] {processor.py:842} WARNING - No viable dags retrieved from /opt/airflow/dags/kafka_stream.py
[2025-09-20T13:11:58.484+0000] {processor.py:183} INFO - Processing /opt/airflow/dags/kafka_stream.py took 0.107 seconds
[2025-09-20T13:12:28.952+0000] {processor.py:161} INFO - Started process (PID=558) to work on /opt/airflow/dags/kafka_stream.py
[2025-09-20T13:12:28.953+0000] {processor.py:830} INFO - Processing file /opt/airflow/dags/kafka_stream.py for tasks to queue
[2025-09-20T13:12:28.954+0000] {logging_mixin.py:188} INFO - [2025-09-20T13:12:28.953+0000] {dagbag.py:545} INFO - Filling up the DagBag from /opt/airflow/dags/kafka_stream.py
[2025-09-20T13:12:29.030+0000] {logging_mixin.py:188} INFO - [2025-09-20T13:12:29.028+0000] {dagbag.py:355} ERROR - Failed to import: /opt/airflow/dags/kafka_stream.py
Traceback (most recent call last):
  File "/home/airflow/.local/lib/python3.12/site-packages/airflow/models/dagbag.py", line 351, in parse
    loader.exec_module(new_module)
  File "<frozen importlib._bootstrap_external>", line 995, in exec_module
  File "<frozen importlib._bootstrap>", line 488, in _call_with_frames_removed
  File "/opt/airflow/dags/kafka_stream.py", line 10, in <module>
    from cassandra.cluster import Cluster
ModuleNotFoundError: No module named 'cassandra'
[2025-09-20T13:12:29.032+0000] {processor.py:842} WARNING - No viable dags retrieved from /opt/airflow/dags/kafka_stream.py
[2025-09-20T13:12:29.043+0000] {processor.py:183} INFO - Processing /opt/airflow/dags/kafka_stream.py took 0.094 seconds
[2025-09-20T13:13:00.096+0000] {processor.py:161} INFO - Started process (PID=569) to work on /opt/airflow/dags/kafka_stream.py
[2025-09-20T13:13:00.097+0000] {processor.py:830} INFO - Processing file /opt/airflow/dags/kafka_stream.py for tasks to queue
[2025-09-20T13:13:00.098+0000] {logging_mixin.py:188} INFO - [2025-09-20T13:13:00.097+0000] {dagbag.py:545} INFO - Filling up the DagBag from /opt/airflow/dags/kafka_stream.py
[2025-09-20T13:13:00.183+0000] {logging_mixin.py:188} INFO - [2025-09-20T13:13:00.179+0000] {dagbag.py:355} ERROR - Failed to import: /opt/airflow/dags/kafka_stream.py
Traceback (most recent call last):
  File "/home/airflow/.local/lib/python3.12/site-packages/airflow/models/dagbag.py", line 351, in parse
    loader.exec_module(new_module)
  File "<frozen importlib._bootstrap_external>", line 995, in exec_module
  File "<frozen importlib._bootstrap>", line 488, in _call_with_frames_removed
  File "/opt/airflow/dags/kafka_stream.py", line 10, in <module>
    from cassandra.cluster import Cluster
ModuleNotFoundError: No module named 'cassandra'
[2025-09-20T13:13:00.185+0000] {processor.py:842} WARNING - No viable dags retrieved from /opt/airflow/dags/kafka_stream.py
[2025-09-20T13:13:00.203+0000] {processor.py:183} INFO - Processing /opt/airflow/dags/kafka_stream.py took 0.113 seconds
[2025-09-20T13:13:31.173+0000] {processor.py:161} INFO - Started process (PID=580) to work on /opt/airflow/dags/kafka_stream.py
[2025-09-20T13:13:31.174+0000] {processor.py:830} INFO - Processing file /opt/airflow/dags/kafka_stream.py for tasks to queue
[2025-09-20T13:13:31.176+0000] {logging_mixin.py:188} INFO - [2025-09-20T13:13:31.176+0000] {dagbag.py:545} INFO - Filling up the DagBag from /opt/airflow/dags/kafka_stream.py
[2025-09-20T13:13:31.374+0000] {logging_mixin.py:188} INFO - [2025-09-20T13:13:31.347+0000] {dagbag.py:355} ERROR - Failed to import: /opt/airflow/dags/kafka_stream.py
Traceback (most recent call last):
  File "/home/airflow/.local/lib/python3.12/site-packages/airflow/models/dagbag.py", line 351, in parse
    loader.exec_module(new_module)
  File "<frozen importlib._bootstrap_external>", line 995, in exec_module
  File "<frozen importlib._bootstrap>", line 488, in _call_with_frames_removed
  File "/opt/airflow/dags/kafka_stream.py", line 10, in <module>
    from cassandra.cluster import Cluster
ModuleNotFoundError: No module named 'cassandra'
[2025-09-20T13:13:31.382+0000] {processor.py:842} WARNING - No viable dags retrieved from /opt/airflow/dags/kafka_stream.py
[2025-09-20T13:13:31.402+0000] {processor.py:183} INFO - Processing /opt/airflow/dags/kafka_stream.py took 0.233 seconds
[2025-09-20T13:14:02.235+0000] {processor.py:161} INFO - Started process (PID=591) to work on /opt/airflow/dags/kafka_stream.py
[2025-09-20T13:14:02.236+0000] {processor.py:830} INFO - Processing file /opt/airflow/dags/kafka_stream.py for tasks to queue
[2025-09-20T13:14:02.236+0000] {logging_mixin.py:188} INFO - [2025-09-20T13:14:02.236+0000] {dagbag.py:545} INFO - Filling up the DagBag from /opt/airflow/dags/kafka_stream.py
[2025-09-20T13:14:02.322+0000] {logging_mixin.py:188} INFO - [2025-09-20T13:14:02.319+0000] {dagbag.py:355} ERROR - Failed to import: /opt/airflow/dags/kafka_stream.py
Traceback (most recent call last):
  File "/home/airflow/.local/lib/python3.12/site-packages/airflow/models/dagbag.py", line 351, in parse
    loader.exec_module(new_module)
  File "<frozen importlib._bootstrap_external>", line 995, in exec_module
  File "<frozen importlib._bootstrap>", line 488, in _call_with_frames_removed
  File "/opt/airflow/dags/kafka_stream.py", line 10, in <module>
    from cassandra.cluster import Cluster
ModuleNotFoundError: No module named 'cassandra'
[2025-09-20T13:14:02.323+0000] {processor.py:842} WARNING - No viable dags retrieved from /opt/airflow/dags/kafka_stream.py
[2025-09-20T13:14:02.343+0000] {processor.py:183} INFO - Processing /opt/airflow/dags/kafka_stream.py took 0.112 seconds
[2025-09-20T13:14:33.280+0000] {processor.py:161} INFO - Started process (PID=601) to work on /opt/airflow/dags/kafka_stream.py
[2025-09-20T13:14:33.280+0000] {processor.py:830} INFO - Processing file /opt/airflow/dags/kafka_stream.py for tasks to queue
[2025-09-20T13:14:33.281+0000] {logging_mixin.py:188} INFO - [2025-09-20T13:14:33.281+0000] {dagbag.py:545} INFO - Filling up the DagBag from /opt/airflow/dags/kafka_stream.py
[2025-09-20T13:14:33.364+0000] {logging_mixin.py:188} INFO - [2025-09-20T13:14:33.358+0000] {dagbag.py:355} ERROR - Failed to import: /opt/airflow/dags/kafka_stream.py
Traceback (most recent call last):
  File "/home/airflow/.local/lib/python3.12/site-packages/airflow/models/dagbag.py", line 351, in parse
    loader.exec_module(new_module)
  File "<frozen importlib._bootstrap_external>", line 995, in exec_module
  File "<frozen importlib._bootstrap>", line 488, in _call_with_frames_removed
  File "/opt/airflow/dags/kafka_stream.py", line 10, in <module>
    from cassandra.cluster import Cluster
ModuleNotFoundError: No module named 'cassandra'
[2025-09-20T13:14:33.365+0000] {processor.py:842} WARNING - No viable dags retrieved from /opt/airflow/dags/kafka_stream.py
[2025-09-20T13:14:33.385+0000] {processor.py:183} INFO - Processing /opt/airflow/dags/kafka_stream.py took 0.109 seconds
[2025-09-20T13:15:03.461+0000] {processor.py:161} INFO - Started process (PID=612) to work on /opt/airflow/dags/kafka_stream.py
[2025-09-20T13:15:03.462+0000] {processor.py:830} INFO - Processing file /opt/airflow/dags/kafka_stream.py for tasks to queue
[2025-09-20T13:15:03.463+0000] {logging_mixin.py:188} INFO - [2025-09-20T13:15:03.462+0000] {dagbag.py:545} INFO - Filling up the DagBag from /opt/airflow/dags/kafka_stream.py
[2025-09-20T13:15:03.542+0000] {logging_mixin.py:188} INFO - [2025-09-20T13:15:03.539+0000] {dagbag.py:355} ERROR - Failed to import: /opt/airflow/dags/kafka_stream.py
Traceback (most recent call last):
  File "/home/airflow/.local/lib/python3.12/site-packages/airflow/models/dagbag.py", line 351, in parse
    loader.exec_module(new_module)
  File "<frozen importlib._bootstrap_external>", line 995, in exec_module
  File "<frozen importlib._bootstrap>", line 488, in _call_with_frames_removed
  File "/opt/airflow/dags/kafka_stream.py", line 10, in <module>
    from cassandra.cluster import Cluster
ModuleNotFoundError: No module named 'cassandra'
[2025-09-20T13:15:03.543+0000] {processor.py:842} WARNING - No viable dags retrieved from /opt/airflow/dags/kafka_stream.py
[2025-09-20T13:15:03.556+0000] {processor.py:183} INFO - Processing /opt/airflow/dags/kafka_stream.py took 0.098 seconds
[2025-09-20T13:15:34.538+0000] {processor.py:161} INFO - Started process (PID=623) to work on /opt/airflow/dags/kafka_stream.py
[2025-09-20T13:15:34.539+0000] {processor.py:830} INFO - Processing file /opt/airflow/dags/kafka_stream.py for tasks to queue
[2025-09-20T13:15:34.539+0000] {logging_mixin.py:188} INFO - [2025-09-20T13:15:34.539+0000] {dagbag.py:545} INFO - Filling up the DagBag from /opt/airflow/dags/kafka_stream.py
[2025-09-20T13:15:34.627+0000] {logging_mixin.py:188} INFO - [2025-09-20T13:15:34.624+0000] {dagbag.py:355} ERROR - Failed to import: /opt/airflow/dags/kafka_stream.py
Traceback (most recent call last):
  File "/home/airflow/.local/lib/python3.12/site-packages/airflow/models/dagbag.py", line 351, in parse
    loader.exec_module(new_module)
  File "<frozen importlib._bootstrap_external>", line 995, in exec_module
  File "<frozen importlib._bootstrap>", line 488, in _call_with_frames_removed
  File "/opt/airflow/dags/kafka_stream.py", line 10, in <module>
    from cassandra.cluster import Cluster
ModuleNotFoundError: No module named 'cassandra'
[2025-09-20T13:15:34.627+0000] {processor.py:842} WARNING - No viable dags retrieved from /opt/airflow/dags/kafka_stream.py
[2025-09-20T13:15:34.646+0000] {processor.py:183} INFO - Processing /opt/airflow/dags/kafka_stream.py took 0.112 seconds
[2025-09-20T13:16:04.748+0000] {processor.py:161} INFO - Started process (PID=634) to work on /opt/airflow/dags/kafka_stream.py
[2025-09-20T13:16:04.749+0000] {processor.py:830} INFO - Processing file /opt/airflow/dags/kafka_stream.py for tasks to queue
[2025-09-20T13:16:04.750+0000] {logging_mixin.py:188} INFO - [2025-09-20T13:16:04.749+0000] {dagbag.py:545} INFO - Filling up the DagBag from /opt/airflow/dags/kafka_stream.py
[2025-09-20T13:16:04.831+0000] {logging_mixin.py:188} INFO - [2025-09-20T13:16:04.824+0000] {dagbag.py:355} ERROR - Failed to import: /opt/airflow/dags/kafka_stream.py
Traceback (most recent call last):
  File "/home/airflow/.local/lib/python3.12/site-packages/airflow/models/dagbag.py", line 351, in parse
    loader.exec_module(new_module)
  File "<frozen importlib._bootstrap_external>", line 995, in exec_module
  File "<frozen importlib._bootstrap>", line 488, in _call_with_frames_removed
  File "/opt/airflow/dags/kafka_stream.py", line 10, in <module>
    from cassandra.cluster import Cluster
ModuleNotFoundError: No module named 'cassandra'
[2025-09-20T13:16:04.833+0000] {processor.py:842} WARNING - No viable dags retrieved from /opt/airflow/dags/kafka_stream.py
[2025-09-20T13:16:04.855+0000] {processor.py:183} INFO - Processing /opt/airflow/dags/kafka_stream.py took 0.111 seconds
[2025-09-20T13:16:34.937+0000] {processor.py:161} INFO - Started process (PID=645) to work on /opt/airflow/dags/kafka_stream.py
[2025-09-20T13:16:34.938+0000] {processor.py:830} INFO - Processing file /opt/airflow/dags/kafka_stream.py for tasks to queue
[2025-09-20T13:16:34.939+0000] {logging_mixin.py:188} INFO - [2025-09-20T13:16:34.938+0000] {dagbag.py:545} INFO - Filling up the DagBag from /opt/airflow/dags/kafka_stream.py
[2025-09-20T13:16:35.027+0000] {logging_mixin.py:188} INFO - [2025-09-20T13:16:35.024+0000] {dagbag.py:355} ERROR - Failed to import: /opt/airflow/dags/kafka_stream.py
Traceback (most recent call last):
  File "/home/airflow/.local/lib/python3.12/site-packages/airflow/models/dagbag.py", line 351, in parse
    loader.exec_module(new_module)
  File "<frozen importlib._bootstrap_external>", line 995, in exec_module
  File "<frozen importlib._bootstrap>", line 488, in _call_with_frames_removed
  File "/opt/airflow/dags/kafka_stream.py", line 10, in <module>
    from cassandra.cluster import Cluster
ModuleNotFoundError: No module named 'cassandra'
[2025-09-20T13:16:35.028+0000] {processor.py:842} WARNING - No viable dags retrieved from /opt/airflow/dags/kafka_stream.py
[2025-09-20T13:16:35.044+0000] {processor.py:183} INFO - Processing /opt/airflow/dags/kafka_stream.py took 0.111 seconds
[2025-09-20T13:17:05.081+0000] {processor.py:161} INFO - Started process (PID=656) to work on /opt/airflow/dags/kafka_stream.py
[2025-09-20T13:17:05.082+0000] {processor.py:830} INFO - Processing file /opt/airflow/dags/kafka_stream.py for tasks to queue
[2025-09-20T13:17:05.083+0000] {logging_mixin.py:188} INFO - [2025-09-20T13:17:05.083+0000] {dagbag.py:545} INFO - Filling up the DagBag from /opt/airflow/dags/kafka_stream.py
[2025-09-20T13:17:05.177+0000] {logging_mixin.py:188} INFO - [2025-09-20T13:17:05.172+0000] {dagbag.py:355} ERROR - Failed to import: /opt/airflow/dags/kafka_stream.py
Traceback (most recent call last):
  File "/home/airflow/.local/lib/python3.12/site-packages/airflow/models/dagbag.py", line 351, in parse
    loader.exec_module(new_module)
  File "<frozen importlib._bootstrap_external>", line 995, in exec_module
  File "<frozen importlib._bootstrap>", line 488, in _call_with_frames_removed
  File "/opt/airflow/dags/kafka_stream.py", line 10, in <module>
    from cassandra.cluster import Cluster
ModuleNotFoundError: No module named 'cassandra'
[2025-09-20T13:17:05.182+0000] {processor.py:842} WARNING - No viable dags retrieved from /opt/airflow/dags/kafka_stream.py
[2025-09-20T13:17:05.203+0000] {processor.py:183} INFO - Processing /opt/airflow/dags/kafka_stream.py took 0.126 seconds
[2025-09-20T13:17:36.279+0000] {processor.py:161} INFO - Started process (PID=667) to work on /opt/airflow/dags/kafka_stream.py
[2025-09-20T13:17:36.281+0000] {processor.py:830} INFO - Processing file /opt/airflow/dags/kafka_stream.py for tasks to queue
[2025-09-20T13:17:36.283+0000] {logging_mixin.py:188} INFO - [2025-09-20T13:17:36.283+0000] {dagbag.py:545} INFO - Filling up the DagBag from /opt/airflow/dags/kafka_stream.py
[2025-09-20T13:17:36.519+0000] {logging_mixin.py:188} INFO - [2025-09-20T13:17:36.494+0000] {dagbag.py:355} ERROR - Failed to import: /opt/airflow/dags/kafka_stream.py
Traceback (most recent call last):
  File "/home/airflow/.local/lib/python3.12/site-packages/airflow/models/dagbag.py", line 351, in parse
    loader.exec_module(new_module)
  File "<frozen importlib._bootstrap_external>", line 995, in exec_module
  File "<frozen importlib._bootstrap>", line 488, in _call_with_frames_removed
  File "/opt/airflow/dags/kafka_stream.py", line 10, in <module>
    from cassandra.cluster import Cluster
ModuleNotFoundError: No module named 'cassandra'
[2025-09-20T13:17:36.528+0000] {processor.py:842} WARNING - No viable dags retrieved from /opt/airflow/dags/kafka_stream.py
[2025-09-20T13:17:36.548+0000] {processor.py:183} INFO - Processing /opt/airflow/dags/kafka_stream.py took 0.275 seconds
[2025-09-20T13:18:06.711+0000] {processor.py:161} INFO - Started process (PID=677) to work on /opt/airflow/dags/kafka_stream.py
[2025-09-20T13:18:06.712+0000] {processor.py:830} INFO - Processing file /opt/airflow/dags/kafka_stream.py for tasks to queue
[2025-09-20T13:18:06.713+0000] {logging_mixin.py:188} INFO - [2025-09-20T13:18:06.713+0000] {dagbag.py:545} INFO - Filling up the DagBag from /opt/airflow/dags/kafka_stream.py
[2025-09-20T13:18:06.874+0000] {logging_mixin.py:188} INFO - [2025-09-20T13:18:06.861+0000] {dagbag.py:355} ERROR - Failed to import: /opt/airflow/dags/kafka_stream.py
Traceback (most recent call last):
  File "/home/airflow/.local/lib/python3.12/site-packages/airflow/models/dagbag.py", line 351, in parse
    loader.exec_module(new_module)
  File "<frozen importlib._bootstrap_external>", line 995, in exec_module
  File "<frozen importlib._bootstrap>", line 488, in _call_with_frames_removed
  File "/opt/airflow/dags/kafka_stream.py", line 10, in <module>
    from cassandra.cluster import Cluster
ModuleNotFoundError: No module named 'cassandra'
[2025-09-20T13:18:06.877+0000] {processor.py:842} WARNING - No viable dags retrieved from /opt/airflow/dags/kafka_stream.py
[2025-09-20T13:18:06.899+0000] {processor.py:183} INFO - Processing /opt/airflow/dags/kafka_stream.py took 0.193 seconds
[2025-09-20T13:18:36.953+0000] {processor.py:161} INFO - Started process (PID=688) to work on /opt/airflow/dags/kafka_stream.py
[2025-09-20T13:18:36.954+0000] {processor.py:830} INFO - Processing file /opt/airflow/dags/kafka_stream.py for tasks to queue
[2025-09-20T13:18:36.955+0000] {logging_mixin.py:188} INFO - [2025-09-20T13:18:36.955+0000] {dagbag.py:545} INFO - Filling up the DagBag from /opt/airflow/dags/kafka_stream.py
[2025-09-20T13:18:37.072+0000] {logging_mixin.py:188} INFO - [2025-09-20T13:18:37.050+0000] {dagbag.py:355} ERROR - Failed to import: /opt/airflow/dags/kafka_stream.py
Traceback (most recent call last):
  File "/home/airflow/.local/lib/python3.12/site-packages/airflow/models/dagbag.py", line 351, in parse
    loader.exec_module(new_module)
  File "<frozen importlib._bootstrap_external>", line 995, in exec_module
  File "<frozen importlib._bootstrap>", line 488, in _call_with_frames_removed
  File "/opt/airflow/dags/kafka_stream.py", line 10, in <module>
    from cassandra.cluster import Cluster
ModuleNotFoundError: No module named 'cassandra'
[2025-09-20T13:18:37.084+0000] {processor.py:842} WARNING - No viable dags retrieved from /opt/airflow/dags/kafka_stream.py
[2025-09-20T13:18:37.105+0000] {processor.py:183} INFO - Processing /opt/airflow/dags/kafka_stream.py took 0.156 seconds
[2025-09-20T13:19:07.233+0000] {processor.py:161} INFO - Started process (PID=699) to work on /opt/airflow/dags/kafka_stream.py
[2025-09-20T13:19:07.234+0000] {processor.py:830} INFO - Processing file /opt/airflow/dags/kafka_stream.py for tasks to queue
[2025-09-20T13:19:07.235+0000] {logging_mixin.py:188} INFO - [2025-09-20T13:19:07.234+0000] {dagbag.py:545} INFO - Filling up the DagBag from /opt/airflow/dags/kafka_stream.py
[2025-09-20T13:19:07.328+0000] {logging_mixin.py:188} INFO - [2025-09-20T13:19:07.322+0000] {dagbag.py:355} ERROR - Failed to import: /opt/airflow/dags/kafka_stream.py
Traceback (most recent call last):
  File "/home/airflow/.local/lib/python3.12/site-packages/airflow/models/dagbag.py", line 351, in parse
    loader.exec_module(new_module)
  File "<frozen importlib._bootstrap_external>", line 995, in exec_module
  File "<frozen importlib._bootstrap>", line 488, in _call_with_frames_removed
  File "/opt/airflow/dags/kafka_stream.py", line 10, in <module>
    from cassandra.cluster import Cluster
ModuleNotFoundError: No module named 'cassandra'
[2025-09-20T13:19:07.331+0000] {processor.py:842} WARNING - No viable dags retrieved from /opt/airflow/dags/kafka_stream.py
[2025-09-20T13:19:07.343+0000] {processor.py:183} INFO - Processing /opt/airflow/dags/kafka_stream.py took 0.115 seconds
[2025-09-20T13:19:37.395+0000] {processor.py:161} INFO - Started process (PID=710) to work on /opt/airflow/dags/kafka_stream.py
[2025-09-20T13:19:37.396+0000] {processor.py:830} INFO - Processing file /opt/airflow/dags/kafka_stream.py for tasks to queue
[2025-09-20T13:19:37.397+0000] {logging_mixin.py:188} INFO - [2025-09-20T13:19:37.396+0000] {dagbag.py:545} INFO - Filling up the DagBag from /opt/airflow/dags/kafka_stream.py
[2025-09-20T13:19:37.476+0000] {logging_mixin.py:188} INFO - [2025-09-20T13:19:37.473+0000] {dagbag.py:355} ERROR - Failed to import: /opt/airflow/dags/kafka_stream.py
Traceback (most recent call last):
  File "/home/airflow/.local/lib/python3.12/site-packages/airflow/models/dagbag.py", line 351, in parse
    loader.exec_module(new_module)
  File "<frozen importlib._bootstrap_external>", line 995, in exec_module
  File "<frozen importlib._bootstrap>", line 488, in _call_with_frames_removed
  File "/opt/airflow/dags/kafka_stream.py", line 10, in <module>
    from cassandra.cluster import Cluster
ModuleNotFoundError: No module named 'cassandra'
[2025-09-20T13:19:37.477+0000] {processor.py:842} WARNING - No viable dags retrieved from /opt/airflow/dags/kafka_stream.py
[2025-09-20T13:19:37.496+0000] {processor.py:183} INFO - Processing /opt/airflow/dags/kafka_stream.py took 0.104 seconds
[2025-09-20T13:20:08.470+0000] {processor.py:161} INFO - Started process (PID=721) to work on /opt/airflow/dags/kafka_stream.py
[2025-09-20T13:20:08.471+0000] {processor.py:830} INFO - Processing file /opt/airflow/dags/kafka_stream.py for tasks to queue
[2025-09-20T13:20:08.472+0000] {logging_mixin.py:188} INFO - [2025-09-20T13:20:08.472+0000] {dagbag.py:545} INFO - Filling up the DagBag from /opt/airflow/dags/kafka_stream.py
[2025-09-20T13:20:08.578+0000] {logging_mixin.py:188} INFO - [2025-09-20T13:20:08.571+0000] {dagbag.py:355} ERROR - Failed to import: /opt/airflow/dags/kafka_stream.py
Traceback (most recent call last):
  File "/home/airflow/.local/lib/python3.12/site-packages/airflow/models/dagbag.py", line 351, in parse
    loader.exec_module(new_module)
  File "<frozen importlib._bootstrap_external>", line 995, in exec_module
  File "<frozen importlib._bootstrap>", line 488, in _call_with_frames_removed
  File "/opt/airflow/dags/kafka_stream.py", line 10, in <module>
    from cassandra.cluster import Cluster
ModuleNotFoundError: No module named 'cassandra'
[2025-09-20T13:20:08.579+0000] {processor.py:842} WARNING - No viable dags retrieved from /opt/airflow/dags/kafka_stream.py
[2025-09-20T13:20:08.595+0000] {processor.py:183} INFO - Processing /opt/airflow/dags/kafka_stream.py took 0.129 seconds
[2025-09-20T13:20:38.707+0000] {processor.py:161} INFO - Started process (PID=738) to work on /opt/airflow/dags/kafka_stream.py
[2025-09-20T13:20:38.708+0000] {processor.py:830} INFO - Processing file /opt/airflow/dags/kafka_stream.py for tasks to queue
[2025-09-20T13:20:38.708+0000] {logging_mixin.py:188} INFO - [2025-09-20T13:20:38.708+0000] {dagbag.py:545} INFO - Filling up the DagBag from /opt/airflow/dags/kafka_stream.py
[2025-09-20T13:20:38.791+0000] {logging_mixin.py:188} INFO - [2025-09-20T13:20:38.788+0000] {dagbag.py:355} ERROR - Failed to import: /opt/airflow/dags/kafka_stream.py
Traceback (most recent call last):
  File "/home/airflow/.local/lib/python3.12/site-packages/airflow/models/dagbag.py", line 351, in parse
    loader.exec_module(new_module)
  File "<frozen importlib._bootstrap_external>", line 995, in exec_module
  File "<frozen importlib._bootstrap>", line 488, in _call_with_frames_removed
  File "/opt/airflow/dags/kafka_stream.py", line 10, in <module>
    from cassandra.cluster import Cluster
ModuleNotFoundError: No module named 'cassandra'
[2025-09-20T13:20:38.792+0000] {processor.py:842} WARNING - No viable dags retrieved from /opt/airflow/dags/kafka_stream.py
[2025-09-20T13:20:38.812+0000] {processor.py:183} INFO - Processing /opt/airflow/dags/kafka_stream.py took 0.110 seconds
[2025-09-20T13:21:08.913+0000] {processor.py:161} INFO - Started process (PID=749) to work on /opt/airflow/dags/kafka_stream.py
[2025-09-20T13:21:08.914+0000] {processor.py:830} INFO - Processing file /opt/airflow/dags/kafka_stream.py for tasks to queue
[2025-09-20T13:21:08.915+0000] {logging_mixin.py:188} INFO - [2025-09-20T13:21:08.915+0000] {dagbag.py:545} INFO - Filling up the DagBag from /opt/airflow/dags/kafka_stream.py
[2025-09-20T13:21:08.993+0000] {logging_mixin.py:188} INFO - [2025-09-20T13:21:08.989+0000] {dagbag.py:355} ERROR - Failed to import: /opt/airflow/dags/kafka_stream.py
Traceback (most recent call last):
  File "/home/airflow/.local/lib/python3.12/site-packages/airflow/models/dagbag.py", line 351, in parse
    loader.exec_module(new_module)
  File "<frozen importlib._bootstrap_external>", line 995, in exec_module
  File "<frozen importlib._bootstrap>", line 488, in _call_with_frames_removed
  File "/opt/airflow/dags/kafka_stream.py", line 10, in <module>
    from cassandra.cluster import Cluster
ModuleNotFoundError: No module named 'cassandra'
[2025-09-20T13:21:08.995+0000] {processor.py:842} WARNING - No viable dags retrieved from /opt/airflow/dags/kafka_stream.py
[2025-09-20T13:21:09.012+0000] {processor.py:183} INFO - Processing /opt/airflow/dags/kafka_stream.py took 0.103 seconds
[2025-09-20T13:21:39.146+0000] {processor.py:161} INFO - Started process (PID=760) to work on /opt/airflow/dags/kafka_stream.py
[2025-09-20T13:21:39.147+0000] {processor.py:830} INFO - Processing file /opt/airflow/dags/kafka_stream.py for tasks to queue
[2025-09-20T13:21:39.147+0000] {logging_mixin.py:188} INFO - [2025-09-20T13:21:39.147+0000] {dagbag.py:545} INFO - Filling up the DagBag from /opt/airflow/dags/kafka_stream.py
[2025-09-20T13:21:39.237+0000] {logging_mixin.py:188} INFO - [2025-09-20T13:21:39.232+0000] {dagbag.py:355} ERROR - Failed to import: /opt/airflow/dags/kafka_stream.py
Traceback (most recent call last):
  File "/home/airflow/.local/lib/python3.12/site-packages/airflow/models/dagbag.py", line 351, in parse
    loader.exec_module(new_module)
  File "<frozen importlib._bootstrap_external>", line 995, in exec_module
  File "<frozen importlib._bootstrap>", line 488, in _call_with_frames_removed
  File "/opt/airflow/dags/kafka_stream.py", line 10, in <module>
    from cassandra.cluster import Cluster
ModuleNotFoundError: No module named 'cassandra'
[2025-09-20T13:21:39.239+0000] {processor.py:842} WARNING - No viable dags retrieved from /opt/airflow/dags/kafka_stream.py
[2025-09-20T13:21:39.256+0000] {processor.py:183} INFO - Processing /opt/airflow/dags/kafka_stream.py took 0.114 seconds
[2025-09-20T13:22:09.295+0000] {processor.py:161} INFO - Started process (PID=771) to work on /opt/airflow/dags/kafka_stream.py
[2025-09-20T13:22:09.296+0000] {processor.py:830} INFO - Processing file /opt/airflow/dags/kafka_stream.py for tasks to queue
[2025-09-20T13:22:09.297+0000] {logging_mixin.py:188} INFO - [2025-09-20T13:22:09.297+0000] {dagbag.py:545} INFO - Filling up the DagBag from /opt/airflow/dags/kafka_stream.py
[2025-09-20T13:22:09.388+0000] {logging_mixin.py:188} INFO - [2025-09-20T13:22:09.384+0000] {dagbag.py:355} ERROR - Failed to import: /opt/airflow/dags/kafka_stream.py
Traceback (most recent call last):
  File "/home/airflow/.local/lib/python3.12/site-packages/airflow/models/dagbag.py", line 351, in parse
    loader.exec_module(new_module)
  File "<frozen importlib._bootstrap_external>", line 995, in exec_module
  File "<frozen importlib._bootstrap>", line 488, in _call_with_frames_removed
  File "/opt/airflow/dags/kafka_stream.py", line 10, in <module>
    from cassandra.cluster import Cluster
ModuleNotFoundError: No module named 'cassandra'
[2025-09-20T13:22:09.389+0000] {processor.py:842} WARNING - No viable dags retrieved from /opt/airflow/dags/kafka_stream.py
[2025-09-20T13:22:09.407+0000] {processor.py:183} INFO - Processing /opt/airflow/dags/kafka_stream.py took 0.116 seconds
[2025-09-20T13:22:39.773+0000] {processor.py:161} INFO - Started process (PID=782) to work on /opt/airflow/dags/kafka_stream.py
[2025-09-20T13:22:39.774+0000] {processor.py:830} INFO - Processing file /opt/airflow/dags/kafka_stream.py for tasks to queue
[2025-09-20T13:22:39.776+0000] {logging_mixin.py:188} INFO - [2025-09-20T13:22:39.775+0000] {dagbag.py:545} INFO - Filling up the DagBag from /opt/airflow/dags/kafka_stream.py
[2025-09-20T13:22:39.954+0000] {logging_mixin.py:188} INFO - [2025-09-20T13:22:39.938+0000] {dagbag.py:355} ERROR - Failed to import: /opt/airflow/dags/kafka_stream.py
Traceback (most recent call last):
  File "/home/airflow/.local/lib/python3.12/site-packages/airflow/models/dagbag.py", line 351, in parse
    loader.exec_module(new_module)
  File "<frozen importlib._bootstrap_external>", line 995, in exec_module
  File "<frozen importlib._bootstrap>", line 488, in _call_with_frames_removed
  File "/opt/airflow/dags/kafka_stream.py", line 10, in <module>
    from cassandra.cluster import Cluster
ModuleNotFoundError: No module named 'cassandra'
[2025-09-20T13:22:39.963+0000] {processor.py:842} WARNING - No viable dags retrieved from /opt/airflow/dags/kafka_stream.py
[2025-09-20T13:22:39.983+0000] {processor.py:183} INFO - Processing /opt/airflow/dags/kafka_stream.py took 0.213 seconds
[2025-09-20T13:23:10.289+0000] {processor.py:161} INFO - Started process (PID=793) to work on /opt/airflow/dags/kafka_stream.py
[2025-09-20T13:23:10.290+0000] {processor.py:830} INFO - Processing file /opt/airflow/dags/kafka_stream.py for tasks to queue
[2025-09-20T13:23:10.290+0000] {logging_mixin.py:188} INFO - [2025-09-20T13:23:10.290+0000] {dagbag.py:545} INFO - Filling up the DagBag from /opt/airflow/dags/kafka_stream.py
[2025-09-20T13:23:10.383+0000] {logging_mixin.py:188} INFO - [2025-09-20T13:23:10.376+0000] {dagbag.py:355} ERROR - Failed to import: /opt/airflow/dags/kafka_stream.py
Traceback (most recent call last):
  File "/home/airflow/.local/lib/python3.12/site-packages/airflow/models/dagbag.py", line 351, in parse
    loader.exec_module(new_module)
  File "<frozen importlib._bootstrap_external>", line 995, in exec_module
  File "<frozen importlib._bootstrap>", line 488, in _call_with_frames_removed
  File "/opt/airflow/dags/kafka_stream.py", line 10, in <module>
    from cassandra.cluster import Cluster
ModuleNotFoundError: No module named 'cassandra'
[2025-09-20T13:23:10.385+0000] {processor.py:842} WARNING - No viable dags retrieved from /opt/airflow/dags/kafka_stream.py
[2025-09-20T13:23:10.403+0000] {processor.py:183} INFO - Processing /opt/airflow/dags/kafka_stream.py took 0.118 seconds
[2025-09-20T13:23:40.448+0000] {processor.py:161} INFO - Started process (PID=804) to work on /opt/airflow/dags/kafka_stream.py
[2025-09-20T13:23:40.449+0000] {processor.py:830} INFO - Processing file /opt/airflow/dags/kafka_stream.py for tasks to queue
[2025-09-20T13:23:40.449+0000] {logging_mixin.py:188} INFO - [2025-09-20T13:23:40.449+0000] {dagbag.py:545} INFO - Filling up the DagBag from /opt/airflow/dags/kafka_stream.py
[2025-09-20T13:23:40.529+0000] {logging_mixin.py:188} INFO - [2025-09-20T13:23:40.524+0000] {dagbag.py:355} ERROR - Failed to import: /opt/airflow/dags/kafka_stream.py
Traceback (most recent call last):
  File "/home/airflow/.local/lib/python3.12/site-packages/airflow/models/dagbag.py", line 351, in parse
    loader.exec_module(new_module)
  File "<frozen importlib._bootstrap_external>", line 995, in exec_module
  File "<frozen importlib._bootstrap>", line 488, in _call_with_frames_removed
  File "/opt/airflow/dags/kafka_stream.py", line 10, in <module>
    from cassandra.cluster import Cluster
ModuleNotFoundError: No module named 'cassandra'
[2025-09-20T13:23:40.529+0000] {processor.py:842} WARNING - No viable dags retrieved from /opt/airflow/dags/kafka_stream.py
[2025-09-20T13:23:40.552+0000] {processor.py:183} INFO - Processing /opt/airflow/dags/kafka_stream.py took 0.107 seconds
[2025-09-20T13:24:10.880+0000] {processor.py:161} INFO - Started process (PID=815) to work on /opt/airflow/dags/kafka_stream.py
[2025-09-20T13:24:10.881+0000] {processor.py:830} INFO - Processing file /opt/airflow/dags/kafka_stream.py for tasks to queue
[2025-09-20T13:24:10.882+0000] {logging_mixin.py:188} INFO - [2025-09-20T13:24:10.881+0000] {dagbag.py:545} INFO - Filling up the DagBag from /opt/airflow/dags/kafka_stream.py
[2025-09-20T13:24:11.014+0000] {logging_mixin.py:188} INFO - [2025-09-20T13:24:11.007+0000] {dagbag.py:355} ERROR - Failed to import: /opt/airflow/dags/kafka_stream.py
Traceback (most recent call last):
  File "/home/airflow/.local/lib/python3.12/site-packages/airflow/models/dagbag.py", line 351, in parse
    loader.exec_module(new_module)
  File "<frozen importlib._bootstrap_external>", line 995, in exec_module
  File "<frozen importlib._bootstrap>", line 488, in _call_with_frames_removed
  File "/opt/airflow/dags/kafka_stream.py", line 10, in <module>
    from cassandra.cluster import Cluster
ModuleNotFoundError: No module named 'cassandra'
[2025-09-20T13:24:11.016+0000] {processor.py:842} WARNING - No viable dags retrieved from /opt/airflow/dags/kafka_stream.py
[2025-09-20T13:24:11.033+0000] {processor.py:183} INFO - Processing /opt/airflow/dags/kafka_stream.py took 0.159 seconds
[2025-09-20T13:24:41.526+0000] {processor.py:161} INFO - Started process (PID=826) to work on /opt/airflow/dags/kafka_stream.py
[2025-09-20T13:24:41.527+0000] {processor.py:830} INFO - Processing file /opt/airflow/dags/kafka_stream.py for tasks to queue
[2025-09-20T13:24:41.528+0000] {logging_mixin.py:188} INFO - [2025-09-20T13:24:41.528+0000] {dagbag.py:545} INFO - Filling up the DagBag from /opt/airflow/dags/kafka_stream.py
[2025-09-20T13:24:41.615+0000] {logging_mixin.py:188} INFO - [2025-09-20T13:24:41.607+0000] {dagbag.py:355} ERROR - Failed to import: /opt/airflow/dags/kafka_stream.py
Traceback (most recent call last):
  File "/home/airflow/.local/lib/python3.12/site-packages/airflow/models/dagbag.py", line 351, in parse
    loader.exec_module(new_module)
  File "<frozen importlib._bootstrap_external>", line 995, in exec_module
  File "<frozen importlib._bootstrap>", line 488, in _call_with_frames_removed
  File "/opt/airflow/dags/kafka_stream.py", line 10, in <module>
    from cassandra.cluster import Cluster
ModuleNotFoundError: No module named 'cassandra'
[2025-09-20T13:24:41.617+0000] {processor.py:842} WARNING - No viable dags retrieved from /opt/airflow/dags/kafka_stream.py
[2025-09-20T13:24:41.630+0000] {processor.py:183} INFO - Processing /opt/airflow/dags/kafka_stream.py took 0.108 seconds
[2025-09-20T13:25:12.008+0000] {processor.py:161} INFO - Started process (PID=837) to work on /opt/airflow/dags/kafka_stream.py
[2025-09-20T13:25:12.009+0000] {processor.py:830} INFO - Processing file /opt/airflow/dags/kafka_stream.py for tasks to queue
[2025-09-20T13:25:12.010+0000] {logging_mixin.py:188} INFO - [2025-09-20T13:25:12.010+0000] {dagbag.py:545} INFO - Filling up the DagBag from /opt/airflow/dags/kafka_stream.py
[2025-09-20T13:25:12.096+0000] {logging_mixin.py:188} INFO - [2025-09-20T13:25:12.090+0000] {dagbag.py:355} ERROR - Failed to import: /opt/airflow/dags/kafka_stream.py
Traceback (most recent call last):
  File "/home/airflow/.local/lib/python3.12/site-packages/airflow/models/dagbag.py", line 351, in parse
    loader.exec_module(new_module)
  File "<frozen importlib._bootstrap_external>", line 995, in exec_module
  File "<frozen importlib._bootstrap>", line 488, in _call_with_frames_removed
  File "/opt/airflow/dags/kafka_stream.py", line 10, in <module>
    from cassandra.cluster import Cluster
ModuleNotFoundError: No module named 'cassandra'
[2025-09-20T13:25:12.098+0000] {processor.py:842} WARNING - No viable dags retrieved from /opt/airflow/dags/kafka_stream.py
[2025-09-20T13:25:12.118+0000] {processor.py:183} INFO - Processing /opt/airflow/dags/kafka_stream.py took 0.113 seconds
[2025-09-20T13:25:42.212+0000] {processor.py:161} INFO - Started process (PID=848) to work on /opt/airflow/dags/kafka_stream.py
[2025-09-20T13:25:42.213+0000] {processor.py:830} INFO - Processing file /opt/airflow/dags/kafka_stream.py for tasks to queue
[2025-09-20T13:25:42.214+0000] {logging_mixin.py:188} INFO - [2025-09-20T13:25:42.214+0000] {dagbag.py:545} INFO - Filling up the DagBag from /opt/airflow/dags/kafka_stream.py
[2025-09-20T13:25:42.295+0000] {logging_mixin.py:188} INFO - [2025-09-20T13:25:42.288+0000] {dagbag.py:355} ERROR - Failed to import: /opt/airflow/dags/kafka_stream.py
Traceback (most recent call last):
  File "/home/airflow/.local/lib/python3.12/site-packages/airflow/models/dagbag.py", line 351, in parse
    loader.exec_module(new_module)
  File "<frozen importlib._bootstrap_external>", line 995, in exec_module
  File "<frozen importlib._bootstrap>", line 488, in _call_with_frames_removed
  File "/opt/airflow/dags/kafka_stream.py", line 10, in <module>
    from cassandra.cluster import Cluster
ModuleNotFoundError: No module named 'cassandra'
[2025-09-20T13:25:42.298+0000] {processor.py:842} WARNING - No viable dags retrieved from /opt/airflow/dags/kafka_stream.py
[2025-09-20T13:25:42.312+0000] {processor.py:183} INFO - Processing /opt/airflow/dags/kafka_stream.py took 0.103 seconds
[2025-09-20T13:26:12.344+0000] {processor.py:161} INFO - Started process (PID=859) to work on /opt/airflow/dags/kafka_stream.py
[2025-09-20T13:26:12.345+0000] {processor.py:830} INFO - Processing file /opt/airflow/dags/kafka_stream.py for tasks to queue
[2025-09-20T13:26:12.346+0000] {logging_mixin.py:188} INFO - [2025-09-20T13:26:12.346+0000] {dagbag.py:545} INFO - Filling up the DagBag from /opt/airflow/dags/kafka_stream.py
[2025-09-20T13:26:12.446+0000] {logging_mixin.py:188} INFO - [2025-09-20T13:26:12.437+0000] {dagbag.py:355} ERROR - Failed to import: /opt/airflow/dags/kafka_stream.py
Traceback (most recent call last):
  File "/home/airflow/.local/lib/python3.12/site-packages/airflow/models/dagbag.py", line 351, in parse
    loader.exec_module(new_module)
  File "<frozen importlib._bootstrap_external>", line 995, in exec_module
  File "<frozen importlib._bootstrap>", line 488, in _call_with_frames_removed
  File "/opt/airflow/dags/kafka_stream.py", line 10, in <module>
    from cassandra.cluster import Cluster
ModuleNotFoundError: No module named 'cassandra'
[2025-09-20T13:26:12.448+0000] {processor.py:842} WARNING - No viable dags retrieved from /opt/airflow/dags/kafka_stream.py
[2025-09-20T13:26:12.468+0000] {processor.py:183} INFO - Processing /opt/airflow/dags/kafka_stream.py took 0.128 seconds
[2025-09-20T13:26:42.583+0000] {processor.py:161} INFO - Started process (PID=870) to work on /opt/airflow/dags/kafka_stream.py
[2025-09-20T13:26:42.583+0000] {processor.py:830} INFO - Processing file /opt/airflow/dags/kafka_stream.py for tasks to queue
[2025-09-20T13:26:42.584+0000] {logging_mixin.py:188} INFO - [2025-09-20T13:26:42.584+0000] {dagbag.py:545} INFO - Filling up the DagBag from /opt/airflow/dags/kafka_stream.py
[2025-09-20T13:26:42.663+0000] {logging_mixin.py:188} INFO - [2025-09-20T13:26:42.660+0000] {dagbag.py:355} ERROR - Failed to import: /opt/airflow/dags/kafka_stream.py
Traceback (most recent call last):
  File "/home/airflow/.local/lib/python3.12/site-packages/airflow/models/dagbag.py", line 351, in parse
    loader.exec_module(new_module)
  File "<frozen importlib._bootstrap_external>", line 995, in exec_module
  File "<frozen importlib._bootstrap>", line 488, in _call_with_frames_removed
  File "/opt/airflow/dags/kafka_stream.py", line 10, in <module>
    from cassandra.cluster import Cluster
ModuleNotFoundError: No module named 'cassandra'
[2025-09-20T13:26:42.664+0000] {processor.py:842} WARNING - No viable dags retrieved from /opt/airflow/dags/kafka_stream.py
[2025-09-20T13:26:42.683+0000] {processor.py:183} INFO - Processing /opt/airflow/dags/kafka_stream.py took 0.104 seconds
[2025-09-20T13:27:12.804+0000] {processor.py:161} INFO - Started process (PID=881) to work on /opt/airflow/dags/kafka_stream.py
[2025-09-20T13:27:12.805+0000] {processor.py:830} INFO - Processing file /opt/airflow/dags/kafka_stream.py for tasks to queue
[2025-09-20T13:27:12.806+0000] {logging_mixin.py:188} INFO - [2025-09-20T13:27:12.806+0000] {dagbag.py:545} INFO - Filling up the DagBag from /opt/airflow/dags/kafka_stream.py
[2025-09-20T13:27:12.900+0000] {logging_mixin.py:188} INFO - [2025-09-20T13:27:12.893+0000] {dagbag.py:355} ERROR - Failed to import: /opt/airflow/dags/kafka_stream.py
Traceback (most recent call last):
  File "/home/airflow/.local/lib/python3.12/site-packages/airflow/models/dagbag.py", line 351, in parse
    loader.exec_module(new_module)
  File "<frozen importlib._bootstrap_external>", line 995, in exec_module
  File "<frozen importlib._bootstrap>", line 488, in _call_with_frames_removed
  File "/opt/airflow/dags/kafka_stream.py", line 10, in <module>
    from cassandra.cluster import Cluster
ModuleNotFoundError: No module named 'cassandra'
[2025-09-20T13:27:12.902+0000] {processor.py:842} WARNING - No viable dags retrieved from /opt/airflow/dags/kafka_stream.py
[2025-09-20T13:27:12.920+0000] {processor.py:183} INFO - Processing /opt/airflow/dags/kafka_stream.py took 0.122 seconds
[2025-09-20T13:27:43.187+0000] {processor.py:161} INFO - Started process (PID=892) to work on /opt/airflow/dags/kafka_stream.py
[2025-09-20T13:27:43.189+0000] {processor.py:830} INFO - Processing file /opt/airflow/dags/kafka_stream.py for tasks to queue
[2025-09-20T13:27:43.191+0000] {logging_mixin.py:188} INFO - [2025-09-20T13:27:43.191+0000] {dagbag.py:545} INFO - Filling up the DagBag from /opt/airflow/dags/kafka_stream.py
[2025-09-20T13:27:43.462+0000] {logging_mixin.py:188} INFO - [2025-09-20T13:27:43.429+0000] {dagbag.py:355} ERROR - Failed to import: /opt/airflow/dags/kafka_stream.py
Traceback (most recent call last):
  File "/home/airflow/.local/lib/python3.12/site-packages/airflow/models/dagbag.py", line 351, in parse
    loader.exec_module(new_module)
  File "<frozen importlib._bootstrap_external>", line 995, in exec_module
  File "<frozen importlib._bootstrap>", line 488, in _call_with_frames_removed
  File "/opt/airflow/dags/kafka_stream.py", line 10, in <module>
    from cassandra.cluster import Cluster
ModuleNotFoundError: No module named 'cassandra'
[2025-09-20T13:27:43.476+0000] {processor.py:842} WARNING - No viable dags retrieved from /opt/airflow/dags/kafka_stream.py
[2025-09-20T13:27:43.499+0000] {processor.py:183} INFO - Processing /opt/airflow/dags/kafka_stream.py took 0.317 seconds
[2025-09-20T13:28:13.637+0000] {processor.py:161} INFO - Started process (PID=903) to work on /opt/airflow/dags/kafka_stream.py
[2025-09-20T13:28:13.638+0000] {processor.py:830} INFO - Processing file /opt/airflow/dags/kafka_stream.py for tasks to queue
[2025-09-20T13:28:13.639+0000] {logging_mixin.py:188} INFO - [2025-09-20T13:28:13.639+0000] {dagbag.py:545} INFO - Filling up the DagBag from /opt/airflow/dags/kafka_stream.py
[2025-09-20T13:28:13.729+0000] {logging_mixin.py:188} INFO - [2025-09-20T13:28:13.725+0000] {dagbag.py:355} ERROR - Failed to import: /opt/airflow/dags/kafka_stream.py
Traceback (most recent call last):
  File "/home/airflow/.local/lib/python3.12/site-packages/airflow/models/dagbag.py", line 351, in parse
    loader.exec_module(new_module)
  File "<frozen importlib._bootstrap_external>", line 995, in exec_module
  File "<frozen importlib._bootstrap>", line 488, in _call_with_frames_removed
  File "/opt/airflow/dags/kafka_stream.py", line 10, in <module>
    from cassandra.cluster import Cluster
ModuleNotFoundError: No module named 'cassandra'
[2025-09-20T13:28:13.730+0000] {processor.py:842} WARNING - No viable dags retrieved from /opt/airflow/dags/kafka_stream.py
[2025-09-20T13:28:13.749+0000] {processor.py:183} INFO - Processing /opt/airflow/dags/kafka_stream.py took 0.116 seconds
[2025-09-20T13:28:43.859+0000] {processor.py:161} INFO - Started process (PID=914) to work on /opt/airflow/dags/kafka_stream.py
[2025-09-20T13:28:43.860+0000] {processor.py:830} INFO - Processing file /opt/airflow/dags/kafka_stream.py for tasks to queue
[2025-09-20T13:28:43.861+0000] {logging_mixin.py:188} INFO - [2025-09-20T13:28:43.861+0000] {dagbag.py:545} INFO - Filling up the DagBag from /opt/airflow/dags/kafka_stream.py
[2025-09-20T13:28:43.958+0000] {logging_mixin.py:188} INFO - [2025-09-20T13:28:43.950+0000] {dagbag.py:355} ERROR - Failed to import: /opt/airflow/dags/kafka_stream.py
Traceback (most recent call last):
  File "/home/airflow/.local/lib/python3.12/site-packages/airflow/models/dagbag.py", line 351, in parse
    loader.exec_module(new_module)
  File "<frozen importlib._bootstrap_external>", line 995, in exec_module
  File "<frozen importlib._bootstrap>", line 488, in _call_with_frames_removed
  File "/opt/airflow/dags/kafka_stream.py", line 10, in <module>
    from cassandra.cluster import Cluster
ModuleNotFoundError: No module named 'cassandra'
[2025-09-20T13:28:43.960+0000] {processor.py:842} WARNING - No viable dags retrieved from /opt/airflow/dags/kafka_stream.py
[2025-09-20T13:28:43.980+0000] {processor.py:183} INFO - Processing /opt/airflow/dags/kafka_stream.py took 0.124 seconds
[2025-09-20T13:49:23.659+0000] {processor.py:161} INFO - Started process (PID=925) to work on /opt/airflow/dags/kafka_stream.py
[2025-09-20T13:49:23.660+0000] {processor.py:830} INFO - Processing file /opt/airflow/dags/kafka_stream.py for tasks to queue
[2025-09-20T13:49:23.662+0000] {logging_mixin.py:188} INFO - [2025-09-20T13:49:23.661+0000] {dagbag.py:545} INFO - Filling up the DagBag from /opt/airflow/dags/kafka_stream.py
[2025-09-20T13:49:23.782+0000] {logging_mixin.py:188} INFO - [2025-09-20T13:49:23.777+0000] {dagbag.py:355} ERROR - Failed to import: /opt/airflow/dags/kafka_stream.py
Traceback (most recent call last):
  File "/home/airflow/.local/lib/python3.12/site-packages/airflow/models/dagbag.py", line 351, in parse
    loader.exec_module(new_module)
  File "<frozen importlib._bootstrap_external>", line 995, in exec_module
  File "<frozen importlib._bootstrap>", line 488, in _call_with_frames_removed
  File "/opt/airflow/dags/kafka_stream.py", line 10, in <module>
    from cassandra.cluster import Cluster
ModuleNotFoundError: No module named 'cassandra'
[2025-09-20T13:49:23.784+0000] {processor.py:842} WARNING - No viable dags retrieved from /opt/airflow/dags/kafka_stream.py
[2025-09-20T13:49:23.808+0000] {processor.py:183} INFO - Processing /opt/airflow/dags/kafka_stream.py took 0.155 seconds
[2025-09-20T13:49:54.002+0000] {processor.py:161} INFO - Started process (PID=936) to work on /opt/airflow/dags/kafka_stream.py
[2025-09-20T13:49:54.010+0000] {processor.py:830} INFO - Processing file /opt/airflow/dags/kafka_stream.py for tasks to queue
[2025-09-20T13:49:54.013+0000] {logging_mixin.py:188} INFO - [2025-09-20T13:49:54.013+0000] {dagbag.py:545} INFO - Filling up the DagBag from /opt/airflow/dags/kafka_stream.py
[2025-09-20T13:49:54.125+0000] {logging_mixin.py:188} INFO - [2025-09-20T13:49:54.121+0000] {dagbag.py:355} ERROR - Failed to import: /opt/airflow/dags/kafka_stream.py
Traceback (most recent call last):
  File "/home/airflow/.local/lib/python3.12/site-packages/airflow/models/dagbag.py", line 351, in parse
    loader.exec_module(new_module)
  File "<frozen importlib._bootstrap_external>", line 995, in exec_module
  File "<frozen importlib._bootstrap>", line 488, in _call_with_frames_removed
  File "/opt/airflow/dags/kafka_stream.py", line 10, in <module>
    from cassandra.cluster import Cluster
ModuleNotFoundError: No module named 'cassandra'
[2025-09-20T13:49:54.127+0000] {processor.py:842} WARNING - No viable dags retrieved from /opt/airflow/dags/kafka_stream.py
[2025-09-20T13:49:54.145+0000] {processor.py:183} INFO - Processing /opt/airflow/dags/kafka_stream.py took 0.147 seconds
[2025-09-20T13:50:24.184+0000] {processor.py:161} INFO - Started process (PID=947) to work on /opt/airflow/dags/kafka_stream.py
[2025-09-20T13:50:24.186+0000] {processor.py:830} INFO - Processing file /opt/airflow/dags/kafka_stream.py for tasks to queue
[2025-09-20T13:50:24.187+0000] {logging_mixin.py:188} INFO - [2025-09-20T13:50:24.186+0000] {dagbag.py:545} INFO - Filling up the DagBag from /opt/airflow/dags/kafka_stream.py
[2025-09-20T13:50:24.332+0000] {logging_mixin.py:188} INFO - [2025-09-20T13:50:24.329+0000] {dagbag.py:355} ERROR - Failed to import: /opt/airflow/dags/kafka_stream.py
Traceback (most recent call last):
  File "/home/airflow/.local/lib/python3.12/site-packages/airflow/models/dagbag.py", line 351, in parse
    loader.exec_module(new_module)
  File "<frozen importlib._bootstrap_external>", line 995, in exec_module
  File "<frozen importlib._bootstrap>", line 488, in _call_with_frames_removed
  File "/opt/airflow/dags/kafka_stream.py", line 10, in <module>
    from cassandra.cluster import Cluster
ModuleNotFoundError: No module named 'cassandra'
[2025-09-20T13:50:24.333+0000] {processor.py:842} WARNING - No viable dags retrieved from /opt/airflow/dags/kafka_stream.py
[2025-09-20T13:50:24.351+0000] {processor.py:183} INFO - Processing /opt/airflow/dags/kafka_stream.py took 0.172 seconds
